#
# There is insufficient memory for the Java Runtime Environment to continue.
# Native memory allocation (mmap) failed to map 536870912 bytes for G1 virtual space
# Possible reasons:
#   The system is out of physical RAM or swap space
#   The process is running with CompressedOops enabled, and the Java Heap may be blocking the growth of the native heap
# Possible solutions:
#   Reduce memory load on the system
#   Increase physical memory or swap space
#   Check if swap backing store is full
#   Decrease Java heap size (-Xmx/-Xms)
#   Decrease number of Java threads
#   Decrease Java thread stack sizes (-Xss)
#   Set larger code cache with -XX:ReservedCodeCacheSize=
#   JVM is running with Zero Based Compressed Oops mode in which the Java heap is
#     placed in the first 32GB address space. The Java Heap base address is the
#     maximum limit for the native heap growth. Please use -XX:HeapBaseMinAddress
#     to set the Java Heap base and to place the Java Heap above 32GB virtual address.
# This output file may be truncated or incomplete.
#
#  Out of Memory Error (os_windows.cpp:3600), pid=36164, tid=30136
#
# JRE version:  (21.0.4+8) (build )
# Java VM: Java HotSpot(TM) 64-Bit Server VM (21.0.4+8-LTS-274, mixed mode, sharing, tiered, compressed oops, compressed class ptrs, g1 gc, windows-amd64)
# No core dump will be written. Minidumps are not enabled by default on client versions of Windows
#

---------------  S U M M A R Y ------------

Command Line: -Dclassworlds.conf=C:\Program Files\apache-maven-3.9.9\bin\m2.conf -Dmaven.home=C:\Program Files\apache-maven-3.9.9 -Dlibrary.jansi.path=C:\Program Files\apache-maven-3.9.9\lib\jansi-native -Dmaven.multiModuleProjectDirectory=F:\Libraries\Documents\Proyectos Visual Studio\UNADM\Proyecto Terminal\swgds-jucam-backend org.codehaus.plexus.classworlds.launcher.Launcher clean install

Host: AMD Ryzen 7 3700X 8-Core Processor             , 16 cores, 31G,  Windows 10 , 64 bit Build 19041 (10.0.19041.5072)
Time: Wed Nov 20 20:08:19 2024 Central Standard Time (Mexico) elapsed time: 0.033137 seconds (0d 0h 0m 0s)

---------------  T H R E A D  ---------------

Current thread (0x000002e5cb51f260):  JavaThread "Unknown thread" [_thread_in_vm, id=30136, stack(0x000000ea90700000,0x000000ea90800000) (1024K)]

Stack: [0x000000ea90700000,0x000000ea90800000]
Native frames: (J=compiled Java code, j=interpreted, Vv=VM code, C=native code)
V  [jvm.dll+0x6c8e59]
V  [jvm.dll+0x853181]
V  [jvm.dll+0x8556ae]
V  [jvm.dll+0x855d83]
V  [jvm.dll+0x27d526]
V  [jvm.dll+0x6c55f5]
V  [jvm.dll+0x6ba17a]
V  [jvm.dll+0x352a8a]
V  [jvm.dll+0x35a6e6]
V  [jvm.dll+0x3acdae]
V  [jvm.dll+0x3ad058]
V  [jvm.dll+0x326dec]
V  [jvm.dll+0x32794b]
V  [jvm.dll+0x81c569]
V  [jvm.dll+0x3b9a11]
V  [jvm.dll+0x805948]
V  [jvm.dll+0x44ec5e]
V  [jvm.dll+0x450851]
C  [jli.dll+0x52a3]
C  [ucrtbase.dll+0x21bb2]
C  [KERNEL32.DLL+0x17374]
C  [ntdll.dll+0x4cc91]


---------------  P R O C E S S  ---------------

Threads class SMR info:
_java_thread_list=0x00007ffa5fe06c08, length=0, elements={
}

Java Threads: ( => current thread )
Total: 0

Other Threads:
  0x000002e5cb8b6820 WorkerThread "GC Thread#0"                     [id=41016, stack(0x000000ea90800000,0x000000ea90900000) (1024K)]
  0x000002e5cb8c7840 ConcurrentGCThread "G1 Main Marker"            [id=38196, stack(0x000000ea90900000,0x000000ea90a00000) (1024K)]
  0x000002e5cb8c8240 WorkerThread "G1 Conc#0"                       [id=14844, stack(0x000000ea90a00000,0x000000ea90b00000) (1024K)]

[error occurred during error reporting (printing all threads), id 0xc0000005, EXCEPTION_ACCESS_VIOLATION (0xc0000005) at pc=0x00007ffa5f579577]
VM state: not at safepoint (not fully initialized)

VM Mutex/Monitor currently owned by a thread:  ([mutex/lock_event])
[0x00007ffa5fe77f98] Heap_lock - owner thread: 0x000002e5cb51f260

Heap address: 0x0000000600c00000, size: 8180 MB, Compressed Oops mode: Zero based, Oop shift amount: 3

CDS archive(s) mapped at: [0x0000000000000000-0x0000000000000000-0x0000000000000000), size 0, SharedBaseAddress: 0x0000000800000000, ArchiveRelocationMode: 1.
Narrow klass base: 0x0000000000000000, Narrow klass shift: 0, Narrow klass range: 0x0

GC Precious Log:
 CardTable entry size: 512
 Card Set container configuration: InlinePtr #cards 4 size 8 Array Of Cards #cards 32 size 80 Howl #buckets 8 coarsen threshold 7372 Howl Bitmap #cards 1024 size 144 coarsen threshold 921 Card regions per heap region 1 cards per card region 8192

Heap:
 garbage-first heap   total 0K, used 0K [0x0000000600c00000, 0x0000000800000000)
  region size 4096K, 0 young (0K), 0 survivors (0K)

[error occurred during error reporting (printing heap information), id 0xc0000005, EXCEPTION_ACCESS_VIOLATION (0xc0000005) at pc=0x00007ffa5f961df9]
GC Heap History (0 events):
No events

Dll operation events (1 events):
Event: 0.005 Loaded shared library C:\Program Files\Java\jdk-21\bin\java.dll

Deoptimization events (0 events):
No events

Classes loaded (0 events):
No events

Classes unloaded (0 events):
No events

Classes redefined (0 events):
No events

Internal exceptions (0 events):
No events

ZGC Phase Switch (0 events):
No events

VM Operations (0 events):
No events

Events (0 events):
No events


Dynamic libraries:
0x00007ff790a90000 - 0x00007ff790aa0000 	C:\Program Files\Java\jdk-21\bin\java.exe
0x00007ffb6f3f0000 - 0x00007ffb6f5e8000 	C:\WINDOWS\SYSTEM32\ntdll.dll
0x00007ffb6dc00000 - 0x00007ffb6dcc2000 	C:\WINDOWS\System32\KERNEL32.DLL
0x00007ffb6cff0000 - 0x00007ffb6d2ee000 	C:\WINDOWS\System32\KERNELBASE.dll
0x00007ffb6cbb0000 - 0x00007ffb6ccb0000 	C:\WINDOWS\System32\ucrtbase.dll
0x00007ffb682c0000 - 0x00007ffb682db000 	C:\Program Files\Java\jdk-21\bin\VCRUNTIME140.dll
0x00007ffb68040000 - 0x00007ffb68059000 	C:\Program Files\Java\jdk-21\bin\jli.dll
0x00007ffb6dfe0000 - 0x00007ffb6e091000 	C:\WINDOWS\System32\ADVAPI32.dll
0x00007ffb6d4e0000 - 0x00007ffb6d57e000 	C:\WINDOWS\System32\msvcrt.dll
0x00007ffb6eba0000 - 0x00007ffb6ec3f000 	C:\WINDOWS\System32\sechost.dll
0x00007ffb6deb0000 - 0x00007ffb6dfd3000 	C:\WINDOWS\System32\RPCRT4.dll
0x00007ffb6d3e0000 - 0x00007ffb6d407000 	C:\WINDOWS\System32\bcrypt.dll
0x00007ffb6e320000 - 0x00007ffb6e4bd000 	C:\WINDOWS\System32\USER32.dll
0x00007ffb6ccb0000 - 0x00007ffb6ccd2000 	C:\WINDOWS\System32\win32u.dll
0x00007ffb6dcd0000 - 0x00007ffb6dcfb000 	C:\WINDOWS\System32\GDI32.dll
0x00007ffb5ec80000 - 0x00007ffb5ef1a000 	C:\WINDOWS\WinSxS\amd64_microsoft.windows.common-controls_6595b64144ccf1df_6.0.19041.4355_none_60b8b9eb71f62e16\COMCTL32.dll
0x00007ffb6ca90000 - 0x00007ffb6cba7000 	C:\WINDOWS\System32\gdi32full.dll
0x00007ffb6d2f0000 - 0x00007ffb6d38d000 	C:\WINDOWS\System32\msvcp_win.dll
0x00007ffb65fc0000 - 0x00007ffb65fca000 	C:\WINDOWS\SYSTEM32\VERSION.dll
0x00007ffb6dbd0000 - 0x00007ffb6dbff000 	C:\WINDOWS\System32\IMM32.DLL
0x00007ffb67fb0000 - 0x00007ffb67fbc000 	C:\Program Files\Java\jdk-21\bin\vcruntime140_1.dll
0x00007ffb30e20000 - 0x00007ffb30eae000 	C:\Program Files\Java\jdk-21\bin\msvcp140.dll
0x00007ffa5f240000 - 0x00007ffa5ff53000 	C:\Program Files\Java\jdk-21\bin\server\jvm.dll
0x00007ffb6e100000 - 0x00007ffb6e16b000 	C:\WINDOWS\System32\WS2_32.dll
0x00007ffb6bf90000 - 0x00007ffb6bfdb000 	C:\WINDOWS\SYSTEM32\POWRPROF.dll
0x00007ffb61740000 - 0x00007ffb61767000 	C:\WINDOWS\SYSTEM32\WINMM.dll
0x00007ffb6be50000 - 0x00007ffb6be62000 	C:\WINDOWS\SYSTEM32\UMPDC.dll
0x00007ffb6b2c0000 - 0x00007ffb6b2d2000 	C:\WINDOWS\SYSTEM32\kernel.appcore.dll
0x00007ffb67fa0000 - 0x00007ffb67faa000 	C:\Program Files\Java\jdk-21\bin\jimage.dll
0x00007ffb64eb0000 - 0x00007ffb65094000 	C:\WINDOWS\SYSTEM32\DBGHELP.DLL
0x00007ffb652c0000 - 0x00007ffb652f4000 	C:\WINDOWS\SYSTEM32\dbgcore.DLL
0x00007ffb6ceb0000 - 0x00007ffb6cf32000 	C:\WINDOWS\System32\bcryptPrimitives.dll
0x00007ffb5e980000 - 0x00007ffb5e99f000 	C:\Program Files\Java\jdk-21\bin\java.dll

dbghelp: loaded successfully - version: 4.0.5 - missing functions: none
symbol engine: initialized successfully - sym options: 0x614 - pdb path: .;C:\Program Files\Java\jdk-21\bin;C:\WINDOWS\SYSTEM32;C:\WINDOWS\WinSxS\amd64_microsoft.windows.common-controls_6595b64144ccf1df_6.0.19041.4355_none_60b8b9eb71f62e16;C:\Program Files\Java\jdk-21\bin\server

VM Arguments:
jvm_args: -Dclassworlds.conf=C:\Program Files\apache-maven-3.9.9\bin\m2.conf -Dmaven.home=C:\Program Files\apache-maven-3.9.9 -Dlibrary.jansi.path=C:\Program Files\apache-maven-3.9.9\lib\jansi-native -Dmaven.multiModuleProjectDirectory=F:\Libraries\Documents\Proyectos Visual Studio\UNADM\Proyecto Terminal\swgds-jucam-backend 
java_command: org.codehaus.plexus.classworlds.launcher.Launcher clean install
java_class_path (initial): C:\Program Files\apache-maven-3.9.9\boot\plexus-classworlds-2.8.0.jar
Launcher Type: SUN_STANDARD

[Global flags]
     intx CICompilerCount                          = 12                                        {product} {ergonomic}
     uint ConcGCThreads                            = 3                                         {product} {ergonomic}
     uint G1ConcRefinementThreads                  = 13                                        {product} {ergonomic}
   size_t G1HeapRegionSize                         = 4194304                                   {product} {ergonomic}
    uintx GCDrainStackTargetSize                   = 64                                        {product} {ergonomic}
   size_t InitialHeapSize                          = 536870912                                 {product} {ergonomic}
   size_t MarkStackSize                            = 4194304                                   {product} {ergonomic}
   size_t MaxHeapSize                              = 8577351680                                {product} {ergonomic}
   size_t MinHeapDeltaBytes                        = 4194304                                   {product} {ergonomic}
   size_t MinHeapSize                              = 8388608                                   {product} {ergonomic}
    uintx NonNMethodCodeHeapSize                   = 7602480                                {pd product} {ergonomic}
    uintx NonProfiledCodeHeapSize                  = 122027880                              {pd product} {ergonomic}
    uintx ProfiledCodeHeapSize                     = 122027880                              {pd product} {ergonomic}
    uintx ReservedCodeCacheSize                    = 251658240                              {pd product} {ergonomic}
     bool SegmentedCodeCache                       = true                                      {product} {ergonomic}
   size_t SoftMaxHeapSize                          = 8577351680                             {manageable} {ergonomic}
     bool UseCompressedOops                        = true                           {product lp64_product} {ergonomic}
     bool UseG1GC                                  = true                                      {product} {ergonomic}
     bool UseLargePagesIndividualAllocation        = false                                  {pd product} {ergonomic}

Logging:
Log output configuration:
 #0: stdout all=warning uptime,level,tags foldmultilines=false
 #1: stderr all=off uptime,level,tags foldmultilines=false

Environment Variables:
JAVA_HOME=C:\Program Files\Java\jdk-21
PATH=C:\Program Files\Common Files\Oracle\Java\javapath;C:\Python312\Scripts\;C:\Python312\;C:\ProgramData\Oracle\Java\javapath;C:\Program Files (x86)\Common Files\Intel\Shared Libraries\redist\intel64\compiler;C:\Program Files (x86)\Common Files\Intel\Shared Libraries\redist\ia32\compiler;C:\Program Files (x86)\Intel\iCLS Client\;C:\Program Files\Intel\iCLS Client\;C:\Windows\system32;C:\Windows;C:\Windows\System32\Wbem;C:\Windows\System32\WindowsPowerShell\v1.0\;C:\Program Files (x86)\Intel\Intel(R) Management Engine Components\DAL;C:\Program Files\Intel\Intel(R) Management Engine Components\DAL;C:\Program Files (x86)\Intel\Intel(R) Management Engine Components\IPT;C:\Program Files\Intel\Intel(R) Management Engine Components\IPT;C:\Program Files (x86)\NVIDIA Corporation\PhysX\Common;C:\WINDOWS\system32;C:\WINDOWS;C:\WINDOWS\System32\Wbem;C:\WINDOWS\System32\WindowsPowerShell\v1.0\;C:\Program Files\Java\jdk1.8.0_101\Bin;C:\Program Files (x86)\Skype\Phone\;C:\WINDOWS\System32\OpenSSH\;C:\Gradle\bin;C:\Program Files\NVIDIA Corporation\NVIDIA NvDLISR;C:\WINDOWS\system32;C:\WINDOWS;C:\WINDOWS\System32\Wbem;C:\WINDOWS\System32\WindowsPowerShell\v1.0\;C:\WINDOWS\System32\OpenSSH\;C:\Program Files (x86)\QuickTime\QTSystem\;C:\Program Files\Git\cmd;C:\Program Files\dotnet\;C:\Program Files\nodejs\;C:\ProgramData\chocolatey\bin;C:\Program Files\apache-maven-3.9.9\bin;C:\Program Files\Java\jdk-21\bin;;C:\Program Files (x86)\Gpg4win\..\GnuPG\bin;C:\Users\David\AppData\Local\Microsoft\WindowsApps;C:\Users\David\AppData\Local\atom\bin;C:\Users\David\AppData\Local\GitHubDesktop\bin;C:\Users\David\AppData\Local\Microsoft\WindowsApps;;C:\Users\David\AppData\Local\Programs\Microsoft VS Code\bin;C:\Users\David\.dotnet\tools;C:\Users\David\AppData\Roaming\npm
USERNAME=David
LANG=en_US.UTF-8
OS=Windows_NT
PROCESSOR_IDENTIFIER=AMD64 Family 23 Model 113 Stepping 0, AuthenticAMD
TMP=C:\Users\David\AppData\Local\Temp
TEMP=C:\Users\David\AppData\Local\Temp




Periodic native trim disabled

---------------  S Y S T E M  ---------------

OS:
 Windows 10 , 64 bit Build 19041 (10.0.19041.5072)
OS uptime: 5 days 20:29 hours
Hyper-V role detected

CPU: total 16 (initial active 16) (16 cores per cpu, 2 threads per core) family 23 model 113 stepping 0 microcode 0x0, cx8, cmov, fxsr, ht, mmx, 3dnowpref, sse, sse2, sse3, ssse3, sse4a, sse4.1, sse4.2, popcnt, lzcnt, tsc, tscinvbit, avx, avx2, aes, clmul, bmi1, bmi2, adx, sha, fma, vzeroupper, clflush, clflushopt, hv, rdtscp, rdpid, f16c
Processor Information for all 16 processors :
  Max Mhz: 3593, Current Mhz: 3593, Mhz Limit: 3593

Memory: 4k page, system-wide physical 32716M (8426M free)
TotalPageFile size 32716M (AvailPageFile size 127M)
current process WorkingSet (physical memory assigned to process): 10M, peak: 10M
current process commit charge ("private bytes"): 71M, peak: 583M

vm_info: Java HotSpot(TM) 64-Bit Server VM (21.0.4+8-LTS-274) for windows-amd64 JRE (21.0.4+8-LTS-274), built on 2024-06-05T05:23:33Z by "mach5one" with MS VC++ 17.6 (VS2022)

END.
