#
# There is insufficient memory for the Java Runtime Environment to continue.
# Native memory allocation (malloc) failed to allocate 2097152 bytes. Error detail: AllocateHeap
# Possible reasons:
#   The system is out of physical RAM or swap space
#   This process is running with CompressedOops enabled, and the Java Heap may be blocking the growth of the native heap
# Possible solutions:
#   Reduce memory load on the system
#   Increase physical memory or swap space
#   Check if swap backing store is full
#   Decrease Java heap size (-Xmx/-Xms)
#   Decrease number of Java threads
#   Decrease Java thread stack sizes (-Xss)
#   Set larger code cache with -XX:ReservedCodeCacheSize=
#   JVM is running with Unscaled Compressed Oops mode in which the Java heap is
#     placed in the first 4GB address space. The Java Heap base address is the
#     maximum limit for the native heap growth. Please use -XX:HeapBaseMinAddress
#     to set the Java Heap base and to place the Java Heap above 4GB virtual address.
# This output file may be truncated or incomplete.
#
#  Out of Memory Error (allocation.cpp:44), pid=20016, tid=6924
#
# JRE version: OpenJDK Runtime Environment Temurin-17.0.12+7 (17.0.12+7) (build 17.0.12+7)
# Java VM: OpenJDK 64-Bit Server VM Temurin-17.0.12+7 (17.0.12+7, mixed mode, emulated-client, tiered, compressed oops, compressed class ptrs, g1 gc, windows-amd64)
# No core dump will be written. Minidumps are not enabled by default on client versions of Windows
#

---------------  S U M M A R Y ------------

Command Line: -Xmx1024m -Dsts.lsp.client=vscode -Dsts.log.file=/dev/null -XX:TieredStopAtLevel=1 -Xlog:jni+resolve=off c:\Users\David\.vscode\extensions\vmware.vscode-spring-boot-1.57.0\language-server\spring-boot-language-server-1.57.0-SNAPSHOT-exec.jar

Host: AMD Ryzen 7 3700X 8-Core Processor             , 16 cores, 31G,  Windows 10 , 64 bit Build 19041 (10.0.19041.4957)
Time: Wed Oct 16 20:30:11 2024 Central Standard Time (Mexico) elapsed time: 327677.624312 seconds (3d 19h 1m 17s)

---------------  T H R E A D  ---------------

Current thread (0x000002804c692ac0):  VMThread "VM Thread" [stack: 0x000000cd6a800000,0x000000cd6a900000] [id=6924]

Stack: [0x000000cd6a800000,0x000000cd6a900000]
Native frames: (J=compiled Java code, j=interpreted, Vv=VM code, C=native code)
V  [jvm.dll+0x67f929]
V  [jvm.dll+0x8371ba]
V  [jvm.dll+0x838c7e]
V  [jvm.dll+0x8392e3]
V  [jvm.dll+0x24834f]
V  [jvm.dll+0xa70d3]
V  [jvm.dll+0x2f9101]
V  [jvm.dll+0x2f4d00]
V  [jvm.dll+0x2dd82f]
V  [jvm.dll+0x3201f7]
V  [jvm.dll+0x83d7dd]
V  [jvm.dll+0x83e522]
V  [jvm.dll+0x83ea4f]
V  [jvm.dll+0x83ee34]
V  [jvm.dll+0x83ef00]
V  [jvm.dll+0x7e65dc]
V  [jvm.dll+0x67e7f7]
C  [ucrtbase.dll+0x21bb2]
C  [KERNEL32.DLL+0x17374]
C  [ntdll.dll+0x4cc91]

VM_Operation (0x000000cd6cfff070): G1CollectFull, mode: safepoint, requested by thread 0x0000028052256310


---------------  P R O C E S S  ---------------

Threads class SMR info:
_java_thread_list=0x0000028052c5c4b0, length=36, elements={
0x000002804c6aa740, 0x000002804c6ac9e0, 0x000002804c6d5f00, 0x000002804c6d6c90,
0x000002804c6da580, 0x000002804c6dae50, 0x000002804c6db7d0, 0x000002804c6dc0e0,
0x000002804c833540, 0x000002804c85c910, 0x00000280522558f0, 0x0000028052256310,
0x0000028052253a90, 0x0000028052256820, 0x00000280522549c0, 0x00000280522553e0,
0x0000028052253fa0, 0x0000028052c7e7f0, 0x0000028052c7ba60, 0x0000028052c80140,
0x0000028052c7b040, 0x0000028052c796f0, 0x0000028052c7c990, 0x0000028052c81070,
0x0000028052c7ab30, 0x0000028052c7bf70, 0x0000028052c7c480, 0x0000028052c7d3b0,
0x0000028052c7ed00, 0x0000028052c7f720, 0x0000028053613210, 0x000002805360e620,
0x000002805360f040, 0x000002805360d6f0, 0x00000280536127f0, 0x0000028053613720
}

Java Threads: ( => current thread )
  0x000002804c6aa740 JavaThread "Reference Handler" daemon [_thread_blocked, id=21732, stack(0x000000cd6a900000,0x000000cd6aa00000)]
  0x000002804c6ac9e0 JavaThread "Finalizer" daemon [_thread_blocked, id=20744, stack(0x000000cd6aa00000,0x000000cd6ab00000)]
  0x000002804c6d5f00 JavaThread "Signal Dispatcher" daemon [_thread_blocked, id=25240, stack(0x000000cd6ab00000,0x000000cd6ac00000)]
  0x000002804c6d6c90 JavaThread "Attach Listener" daemon [_thread_blocked, id=1872, stack(0x000000cd6ac00000,0x000000cd6ad00000)]
  0x000002804c6da580 JavaThread "Service Thread" daemon [_thread_blocked, id=3748, stack(0x000000cd6ad00000,0x000000cd6ae00000)]
  0x000002804c6dae50 JavaThread "Monitor Deflation Thread" daemon [_thread_blocked, id=20468, stack(0x000000cd6ae00000,0x000000cd6af00000)]
  0x000002804c6db7d0 JavaThread "C1 CompilerThread0" daemon [_thread_blocked, id=1952, stack(0x000000cd6af00000,0x000000cd6b000000)]
  0x000002804c6dc0e0 JavaThread "Sweeper thread" daemon [_thread_blocked, id=6852, stack(0x000000cd6b000000,0x000000cd6b100000)]
  0x000002804c833540 JavaThread "Notification Thread" daemon [_thread_blocked, id=16528, stack(0x000000cd6b300000,0x000000cd6b400000)]
  0x000002804c85c910 JavaThread "Common-Cleaner" daemon [_thread_blocked, id=26852, stack(0x000000cd6b500000,0x000000cd6b600000)]
  0x00000280522558f0 JavaThread "boundedElastic-evictor-1" daemon [_thread_blocked, id=21804, stack(0x000000cd6ce00000,0x000000cd6cf00000)]
  0x0000028052256310 JavaThread "pool-13-thread-1" [_thread_blocked, id=28052, stack(0x000000cd6cf00000,0x000000cd6d000000)]
  0x0000028052253a90 JavaThread "LanguageServerApp-lifecycle" [_thread_blocked, id=26060, stack(0x000000cd6d000000,0x000000cd6d100000)]
  0x0000028052256820 JavaThread "DestroyJavaVM" [_thread_blocked, id=18936, stack(0x000000cd6a200000,0x000000cd6a300000)]
  0x00000280522549c0 JavaThread "pool-14-thread-1" [_thread_in_native, id=928, stack(0x000000cd6d100000,0x000000cd6d200000)]
  0x00000280522553e0 JavaThread "Simple-Language-Server main thread" daemon [_thread_blocked, id=20220, stack(0x000000cd6d200000,0x000000cd6d300000)]
  0x0000028052253fa0 JavaThread "pool-8-thread-1" [_thread_blocked, id=15432, stack(0x000000cd6d500000,0x000000cd6d600000)]
  0x0000028052c7e7f0 JavaThread "parallel-1" daemon [_thread_blocked, id=23848, stack(0x000000cd6d600000,0x000000cd6d700000)]
  0x0000028052c7ba60 JavaThread "parallel-2" daemon [_thread_blocked, id=19632, stack(0x000000cd6d700000,0x000000cd6d800000)]
  0x0000028052c80140 JavaThread "parallel-3" daemon [_thread_blocked, id=27144, stack(0x000000cd6d800000,0x000000cd6d900000)]
  0x0000028052c7b040 JavaThread "pool-6-thread-1" [_thread_blocked, id=25812, stack(0x000000cd6d900000,0x000000cd6da00000)]
  0x0000028052c796f0 JavaThread "parallel-4" daemon [_thread_blocked, id=19996, stack(0x000000cd6da00000,0x000000cd6db00000)]
  0x0000028052c7c990 JavaThread "parallel-5" daemon [_thread_blocked, id=28060, stack(0x000000cd6db00000,0x000000cd6dc00000)]
  0x0000028052c81070 JavaThread "parallel-6" daemon [_thread_blocked, id=15344, stack(0x000000cd6dc00000,0x000000cd6dd00000)]
  0x0000028052c7ab30 JavaThread "parallel-7" daemon [_thread_blocked, id=27984, stack(0x000000cd6dd00000,0x000000cd6de00000)]
  0x0000028052c7bf70 JavaThread "parallel-8" daemon [_thread_blocked, id=11904, stack(0x000000cd6e200000,0x000000cd6e300000)]
  0x0000028052c7c480 JavaThread "parallel-9" daemon [_thread_blocked, id=6548, stack(0x000000cd6e300000,0x000000cd6e400000)]
  0x0000028052c7d3b0 JavaThread "parallel-10" daemon [_thread_blocked, id=3744, stack(0x000000cd6e400000,0x000000cd6e500000)]
  0x0000028052c7ed00 JavaThread "parallel-11" daemon [_thread_blocked, id=11784, stack(0x000000cd6e500000,0x000000cd6e600000)]
  0x0000028052c7f720 JavaThread "Reconciler-1" daemon [_thread_blocked, id=14768, stack(0x000000cd6e800000,0x000000cd6e900000)]
  0x0000028053613210 JavaThread "parallel-12" daemon [_thread_blocked, id=6820, stack(0x000000cd6b200000,0x000000cd6b300000)]
  0x000002805360e620 JavaThread "CompletableFutureDelayScheduler" daemon [_thread_blocked, id=25156, stack(0x000000cd6b100000,0x000000cd6b200000)]
  0x000002805360f040 JavaThread "parallel-13" daemon [_thread_blocked, id=25808, stack(0x000000cd6a000000,0x000000cd6a100000)]
  0x000002805360d6f0 JavaThread "parallel-14" daemon [_thread_blocked, id=20012, stack(0x000000cd6c700000,0x000000cd6c800000)]
  0x00000280536127f0 JavaThread "parallel-15" daemon [_thread_blocked, id=1132, stack(0x000000cd6ca00000,0x000000cd6cb00000)]
  0x0000028053613720 JavaThread "parallel-16" daemon [_thread_blocked, id=13824, stack(0x000000cd6cc00000,0x000000cd6cd00000)]

Other Threads:
=>0x000002804c692ac0 VMThread "VM Thread" [stack: 0x000000cd6a800000,0x000000cd6a900000] [id=6924]
  0x000002804c833a20 WatcherThread [stack: 0x000000cd6b400000,0x000000cd6b500000] [id=24876]
  0x000002803ecece90 GCTaskThread "GC Thread#0" [stack: 0x000000cd6a300000,0x000000cd6a400000] [id=22632]
  0x0000028051851410 GCTaskThread "GC Thread#1" [stack: 0x000000cd6b700000,0x000000cd6b800000] [id=28224]
  0x00000280518516d0 GCTaskThread "GC Thread#2" [stack: 0x000000cd6b800000,0x000000cd6b900000] [id=2252]
  0x0000028051851990 GCTaskThread "GC Thread#3" [stack: 0x000000cd6b900000,0x000000cd6ba00000] [id=28520]
  0x00000280517fe060 GCTaskThread "GC Thread#4" [stack: 0x000000cd6ba00000,0x000000cd6bb00000] [id=19420]
  0x00000280517fe320 GCTaskThread "GC Thread#5" [stack: 0x000000cd6bb00000,0x000000cd6bc00000] [id=25668]
  0x00000280517fe9f0 GCTaskThread "GC Thread#6" [stack: 0x000000cd6bc00000,0x000000cd6bd00000] [id=8360]
  0x00000280517ec070 GCTaskThread "GC Thread#7" [stack: 0x000000cd6bd00000,0x000000cd6be00000] [id=7640]
  0x00000280517ec750 GCTaskThread "GC Thread#8" [stack: 0x000000cd6be00000,0x000000cd6bf00000] [id=25664]
  0x00000280517eea20 GCTaskThread "GC Thread#9" [stack: 0x000000cd6bf00000,0x000000cd6c000000] [id=13572]
  0x00000280517eece0 GCTaskThread "GC Thread#10" [stack: 0x000000cd6c000000,0x000000cd6c100000] [id=18908]
  0x0000028051873040 GCTaskThread "GC Thread#11" [stack: 0x000000cd6c100000,0x000000cd6c200000] [id=3100]
  0x0000028051db75d0 GCTaskThread "GC Thread#12" [stack: 0x000000cd6cd00000,0x000000cd6ce00000] [id=12796]
  0x000002803ecf5de0 ConcurrentGCThread "G1 Main Marker" [stack: 0x000000cd6a400000,0x000000cd6a500000] [id=21024]
  0x000002803ecf75b0 ConcurrentGCThread "G1 Conc#0" [stack: 0x000000cd6a500000,0x000000cd6a600000] [id=26844]
  0x0000028051f56c20 ConcurrentGCThread "G1 Conc#1" [stack: 0x000000cd6c400000,0x000000cd6c500000] [id=23272]
  0x0000028051f56670 ConcurrentGCThread "G1 Conc#2" [stack: 0x000000cd6c500000,0x000000cd6c600000] [id=4588]
  0x000002803ed6e170 ConcurrentGCThread "G1 Refine#0" [stack: 0x000000cd6a600000,0x000000cd6a700000] [id=26280]
  0x000002803ed6eba0 ConcurrentGCThread "G1 Service" [stack: 0x000000cd6a700000,0x000000cd6a800000] [id=22068]

Threads with active compile tasks:

VM state: at safepoint (normal execution)

VM Mutex/Monitor currently owned by a thread:  ([mutex/lock_event])
[0x000002803ecaa390] Threads_lock - owner thread: 0x000002804c692ac0
[0x000002803ecaaa50] Heap_lock - owner thread: 0x0000028052256310

Heap address: 0x00000000c0000000, size: 1024 MB, Compressed Oops mode: 32-bit

CDS archive(s) not mapped
Compressed class space mapped at: 0x0000000100000000-0x0000000140000000, reserved size: 1073741824
Narrow klass base: 0x0000000000000000, Narrow klass shift: 3, Narrow klass range: 0x140000000

GC Precious Log:
 CPUs: 16 total, 16 available
 Memory: 32716M
 Large Page Support: Disabled
 NUMA Support: Disabled
 Compressed Oops: Enabled (32-bit)
 Heap Region Size: 1M
 Heap Min Capacity: 8M
 Heap Initial Capacity: 512M
 Heap Max Capacity: 1G
 Pre-touch: Disabled
 Parallel Workers: 13
 Concurrent Workers: 3
 Concurrent Refinement Workers: 13
 Periodic GC: Disabled

Heap:
 garbage-first heap   total 112640K, used 45307K [0x00000000c0000000, 0x0000000100000000)
  region size 1024K, 1 young (1024K), 0 survivors (0K)
 Metaspace       used 63102K, committed 63552K, reserved 1114112K
  class space    used 7997K, committed 8192K, reserved 1048576K

Heap Regions: E=young(eden), S=young(survivor), O=old, HS=humongous(starts), HC=humongous(continues), CS=collection set, F=free, OA=open archive, CA=closed archive, TAMS=top-at-mark-start (previous, next)
|   0|0x00000000c0000000, 0x00000000c0100000, 0x00000000c0100000|100%|HS|  |TAMS 0x00000000c0100000, 0x00000000c0000000| Untracked 
|   1|0x00000000c0100000, 0x00000000c0200000, 0x00000000c0200000|100%|HC|  |TAMS 0x00000000c0200000, 0x00000000c0100000| Untracked 
|   2|0x00000000c0200000, 0x00000000c0300000, 0x00000000c0300000|100%|HC|  |TAMS 0x00000000c0300000, 0x00000000c0200000| Untracked 
|   3|0x00000000c0300000, 0x00000000c0400000, 0x00000000c0400000|100%|HC|  |TAMS 0x00000000c0400000, 0x00000000c0300000| Untracked 
|   4|0x00000000c0400000, 0x00000000c0500000, 0x00000000c0500000|100%|HS|  |TAMS 0x00000000c0500000, 0x00000000c0400000| Untracked 
|   5|0x00000000c0500000, 0x00000000c0600000, 0x00000000c0600000|100%|HC|  |TAMS 0x00000000c0600000, 0x00000000c0500000| Untracked 
|   6|0x00000000c0600000, 0x00000000c0700000, 0x00000000c0700000|100%| O|  |TAMS 0x00000000c0700000, 0x00000000c0600000| Untracked 
|   7|0x00000000c0700000, 0x00000000c07ffff8, 0x00000000c0800000| 99%| O|  |TAMS 0x00000000c07ffff8, 0x00000000c0700000| Untracked 
|   8|0x00000000c0800000, 0x00000000c08ffff8, 0x00000000c0900000| 99%| O|  |TAMS 0x00000000c08ffff8, 0x00000000c0800000| Untracked 
|   9|0x00000000c0900000, 0x00000000c0a00000, 0x00000000c0a00000|100%| O|  |TAMS 0x00000000c0a00000, 0x00000000c0900000| Untracked 
|  10|0x00000000c0a00000, 0x00000000c0affff0, 0x00000000c0b00000| 99%| O|  |TAMS 0x00000000c0affff0, 0x00000000c0a00000| Untracked 
|  11|0x00000000c0b00000, 0x00000000c0bfffe0, 0x00000000c0c00000| 99%| O|  |TAMS 0x00000000c0bfffe0, 0x00000000c0b00000| Untracked 
|  12|0x00000000c0c00000, 0x00000000c0cffff8, 0x00000000c0d00000| 99%| O|  |TAMS 0x00000000c0cffff8, 0x00000000c0c00000| Untracked 
|  13|0x00000000c0d00000, 0x00000000c0e00000, 0x00000000c0e00000|100%| O|  |TAMS 0x00000000c0e00000, 0x00000000c0d00000| Untracked 
|  14|0x00000000c0e00000, 0x00000000c0efff50, 0x00000000c0f00000| 99%| O|  |TAMS 0x00000000c0efff50, 0x00000000c0e00000| Untracked 
|  15|0x00000000c0f00000, 0x00000000c0fffff8, 0x00000000c1000000| 99%| O|  |TAMS 0x00000000c0fffff8, 0x00000000c0f00000| Untracked 
|  16|0x00000000c1000000, 0x00000000c1100000, 0x00000000c1100000|100%| O|  |TAMS 0x00000000c1100000, 0x00000000c1000000| Untracked 
|  17|0x00000000c1100000, 0x00000000c11fd9f8, 0x00000000c1200000| 99%| O|  |TAMS 0x00000000c11fd9f8, 0x00000000c1100000| Untracked 
|  18|0x00000000c1200000, 0x00000000c12ffe60, 0x00000000c1300000| 99%| O|  |TAMS 0x00000000c12ffe60, 0x00000000c1200000| Untracked 
|  19|0x00000000c1300000, 0x00000000c13fffe8, 0x00000000c1400000| 99%| O|  |TAMS 0x00000000c13fffe8, 0x00000000c1300000| Untracked 
|  20|0x00000000c1400000, 0x00000000c1500000, 0x00000000c1500000|100%| O|  |TAMS 0x00000000c1500000, 0x00000000c1400000| Untracked 
|  21|0x00000000c1500000, 0x00000000c1600000, 0x00000000c1600000|100%| O|  |TAMS 0x00000000c1600000, 0x00000000c1500000| Untracked 
|  22|0x00000000c1600000, 0x00000000c1700000, 0x00000000c1700000|100%| O|  |TAMS 0x00000000c1700000, 0x00000000c1600000| Untracked 
|  23|0x00000000c1700000, 0x00000000c17fffe0, 0x00000000c1800000| 99%| O|  |TAMS 0x00000000c17fffe0, 0x00000000c1700000| Untracked 
|  24|0x00000000c1800000, 0x00000000c18ffff0, 0x00000000c1900000| 99%| O|  |TAMS 0x00000000c18ffff0, 0x00000000c1800000| Untracked 
|  25|0x00000000c1900000, 0x00000000c19feb50, 0x00000000c1a00000| 99%| O|  |TAMS 0x00000000c19feb50, 0x00000000c1900000| Untracked 
|  26|0x00000000c1a00000, 0x00000000c1affff0, 0x00000000c1b00000| 99%| O|  |TAMS 0x00000000c1affff0, 0x00000000c1a00000| Untracked 
|  27|0x00000000c1b00000, 0x00000000c1bfffe8, 0x00000000c1c00000| 99%| O|  |TAMS 0x00000000c1bfffe8, 0x00000000c1b00000| Untracked 
|  28|0x00000000c1c00000, 0x00000000c1d00000, 0x00000000c1d00000|100%| O|  |TAMS 0x00000000c1d00000, 0x00000000c1c00000| Untracked 
|  29|0x00000000c1d00000, 0x00000000c1dfff98, 0x00000000c1e00000| 99%| O|  |TAMS 0x00000000c1dfff98, 0x00000000c1d00000| Untracked 
|  30|0x00000000c1e00000, 0x00000000c1efbc98, 0x00000000c1f00000| 98%| O|  |TAMS 0x00000000c1efbc98, 0x00000000c1e00000| Untracked 
|  31|0x00000000c1f00000, 0x00000000c1fffff8, 0x00000000c2000000| 99%| O|  |TAMS 0x00000000c1fffff8, 0x00000000c1f00000| Untracked 
|  32|0x00000000c2000000, 0x00000000c20f4b90, 0x00000000c2100000| 95%| O|  |TAMS 0x00000000c20f4b90, 0x00000000c2000000| Untracked 
|  33|0x00000000c2100000, 0x00000000c2200000, 0x00000000c2200000|100%| O|  |TAMS 0x00000000c2200000, 0x00000000c2100000| Untracked 
|  34|0x00000000c2200000, 0x00000000c22fff88, 0x00000000c2300000| 99%| O|  |TAMS 0x00000000c22fff88, 0x00000000c2200000| Untracked 
|  35|0x00000000c2300000, 0x00000000c23ffff0, 0x00000000c2400000| 99%| O|  |TAMS 0x00000000c23ffff0, 0x00000000c2300000| Untracked 
|  36|0x00000000c2400000, 0x00000000c24ffff0, 0x00000000c2500000| 99%| O|  |TAMS 0x00000000c24ffff0, 0x00000000c2400000| Untracked 
|  37|0x00000000c2500000, 0x00000000c25fffa0, 0x00000000c2600000| 99%| O|  |TAMS 0x00000000c25fffa0, 0x00000000c2500000| Untracked 
|  38|0x00000000c2600000, 0x00000000c26f7dc8, 0x00000000c2700000| 96%| O|  |TAMS 0x00000000c26f7dc8, 0x00000000c2600000| Untracked 
|  39|0x00000000c2700000, 0x00000000c27fffe0, 0x00000000c2800000| 99%| O|  |TAMS 0x00000000c27fffe0, 0x00000000c2700000| Untracked 
|  40|0x00000000c2800000, 0x00000000c28fffd0, 0x00000000c2900000| 99%| O|  |TAMS 0x00000000c28fffd0, 0x00000000c2800000| Untracked 
|  41|0x00000000c2900000, 0x00000000c2a00000, 0x00000000c2a00000|100%| O|  |TAMS 0x00000000c2a00000, 0x00000000c2900000| Untracked 
|  42|0x00000000c2a00000, 0x00000000c2a5f9b0, 0x00000000c2b00000| 37%| O|  |TAMS 0x00000000c2a00000, 0x00000000c2a00000| Untracked 
|  43|0x00000000c2b00000, 0x00000000c2b00000, 0x00000000c2c00000|  0%| F|  |TAMS 0x00000000c2b00000, 0x00000000c2b00000| Untracked 
|  44|0x00000000c2c00000, 0x00000000c2d00000, 0x00000000c2d00000|100%|HS|  |TAMS 0x00000000c2d00000, 0x00000000c2c00000| Untracked 
|  45|0x00000000c2d00000, 0x00000000c2d00000, 0x00000000c2e00000|  0%| F|  |TAMS 0x00000000c2d00000, 0x00000000c2d00000| Untracked 
|  46|0x00000000c2e00000, 0x00000000c2e00000, 0x00000000c2f00000|  0%| F|  |TAMS 0x00000000c2e00000, 0x00000000c2e00000| Untracked 
|  47|0x00000000c2f00000, 0x00000000c2f00000, 0x00000000c3000000|  0%| F|  |TAMS 0x00000000c2f00000, 0x00000000c2f00000| Untracked 
|  48|0x00000000c3000000, 0x00000000c3000000, 0x00000000c3100000|  0%| F|  |TAMS 0x00000000c3000000, 0x00000000c3000000| Untracked 
|  49|0x00000000c3100000, 0x00000000c3100000, 0x00000000c3200000|  0%| F|  |TAMS 0x00000000c3100000, 0x00000000c3100000| Untracked 
|  50|0x00000000c3200000, 0x00000000c3200000, 0x00000000c3300000|  0%| F|  |TAMS 0x00000000c3200000, 0x00000000c3200000| Untracked 
|  51|0x00000000c3300000, 0x00000000c3300000, 0x00000000c3400000|  0%| F|  |TAMS 0x00000000c3300000, 0x00000000c3300000| Untracked 
|  52|0x00000000c3400000, 0x00000000c3400000, 0x00000000c3500000|  0%| F|  |TAMS 0x00000000c3400000, 0x00000000c3400000| Untracked 
|  53|0x00000000c3500000, 0x00000000c3500000, 0x00000000c3600000|  0%| F|  |TAMS 0x00000000c3500000, 0x00000000c3500000| Untracked 
|  54|0x00000000c3600000, 0x00000000c3600000, 0x00000000c3700000|  0%| F|  |TAMS 0x00000000c3600000, 0x00000000c3600000| Untracked 
|  55|0x00000000c3700000, 0x00000000c3700000, 0x00000000c3800000|  0%| F|  |TAMS 0x00000000c3700000, 0x00000000c3700000| Untracked 
|  56|0x00000000c3800000, 0x00000000c38faea8, 0x00000000c3900000| 98%| O|  |TAMS 0x00000000c38faea8, 0x00000000c3800000| Untracked 
|  57|0x00000000c3900000, 0x00000000c3900000, 0x00000000c3a00000|  0%| F|  |TAMS 0x00000000c3900000, 0x00000000c3900000| Untracked 
|  58|0x00000000c3a00000, 0x00000000c3a00000, 0x00000000c3b00000|  0%| F|  |TAMS 0x00000000c3a00000, 0x00000000c3a00000| Untracked 
|  59|0x00000000c3b00000, 0x00000000c3b00000, 0x00000000c3c00000|  0%| F|  |TAMS 0x00000000c3b00000, 0x00000000c3b00000| Untracked 
|  60|0x00000000c3c00000, 0x00000000c3c00000, 0x00000000c3d00000|  0%| F|  |TAMS 0x00000000c3c00000, 0x00000000c3c00000| Untracked 
|  61|0x00000000c3d00000, 0x00000000c3d00000, 0x00000000c3e00000|  0%| F|  |TAMS 0x00000000c3d00000, 0x00000000c3d00000| Untracked 
|  62|0x00000000c3e00000, 0x00000000c3e00000, 0x00000000c3f00000|  0%| F|  |TAMS 0x00000000c3e00000, 0x00000000c3e00000| Untracked 
|  63|0x00000000c3f00000, 0x00000000c3f00000, 0x00000000c4000000|  0%| F|  |TAMS 0x00000000c3f00000, 0x00000000c3f00000| Untracked 
|  64|0x00000000c4000000, 0x00000000c4000000, 0x00000000c4100000|  0%| F|  |TAMS 0x00000000c4000000, 0x00000000c4000000| Untracked 
|  65|0x00000000c4100000, 0x00000000c4100000, 0x00000000c4200000|  0%| F|  |TAMS 0x00000000c4100000, 0x00000000c4100000| Untracked 
|  66|0x00000000c4200000, 0x00000000c4200000, 0x00000000c4300000|  0%| F|  |TAMS 0x00000000c4200000, 0x00000000c4200000| Untracked 
|  67|0x00000000c4300000, 0x00000000c4300000, 0x00000000c4400000|  0%| F|  |TAMS 0x00000000c4300000, 0x00000000c4300000| Untracked 
|  68|0x00000000c4400000, 0x00000000c4400000, 0x00000000c4500000|  0%| F|  |TAMS 0x00000000c4400000, 0x00000000c4400000| Untracked 
|  69|0x00000000c4500000, 0x00000000c4500000, 0x00000000c4600000|  0%| F|  |TAMS 0x00000000c4500000, 0x00000000c4500000| Untracked 
|  70|0x00000000c4600000, 0x00000000c4600000, 0x00000000c4700000|  0%| F|  |TAMS 0x00000000c4600000, 0x00000000c4600000| Untracked 
|  71|0x00000000c4700000, 0x00000000c4700000, 0x00000000c4800000|  0%| F|  |TAMS 0x00000000c4700000, 0x00000000c4700000| Untracked 
|  72|0x00000000c4800000, 0x00000000c4800000, 0x00000000c4900000|  0%| F|  |TAMS 0x00000000c4800000, 0x00000000c4800000| Untracked 
|  73|0x00000000c4900000, 0x00000000c4900000, 0x00000000c4a00000|  0%| F|  |TAMS 0x00000000c4900000, 0x00000000c4900000| Untracked 
|  74|0x00000000c4a00000, 0x00000000c4a00000, 0x00000000c4b00000|  0%| F|  |TAMS 0x00000000c4a00000, 0x00000000c4a00000| Untracked 
|  75|0x00000000c4b00000, 0x00000000c4b00000, 0x00000000c4c00000|  0%| F|  |TAMS 0x00000000c4b00000, 0x00000000c4b00000| Untracked 
|  76|0x00000000c4c00000, 0x00000000c4c00000, 0x00000000c4d00000|  0%| F|  |TAMS 0x00000000c4c00000, 0x00000000c4c00000| Untracked 
|  77|0x00000000c4d00000, 0x00000000c4d00000, 0x00000000c4e00000|  0%| F|  |TAMS 0x00000000c4d00000, 0x00000000c4d00000| Untracked 
|  78|0x00000000c4e00000, 0x00000000c4e00000, 0x00000000c4f00000|  0%| F|  |TAMS 0x00000000c4e00000, 0x00000000c4e00000| Untracked 
|  79|0x00000000c4f00000, 0x00000000c4f00000, 0x00000000c5000000|  0%| F|  |TAMS 0x00000000c4f00000, 0x00000000c4f00000| Untracked 
|  80|0x00000000c5000000, 0x00000000c5000000, 0x00000000c5100000|  0%| F|  |TAMS 0x00000000c5000000, 0x00000000c5000000| Untracked 
|  81|0x00000000c5100000, 0x00000000c5100000, 0x00000000c5200000|  0%| F|  |TAMS 0x00000000c5100000, 0x00000000c5100000| Untracked 
|  82|0x00000000c5200000, 0x00000000c5200000, 0x00000000c5300000|  0%| F|  |TAMS 0x00000000c5200000, 0x00000000c5200000| Untracked 
|  83|0x00000000c5300000, 0x00000000c5300000, 0x00000000c5400000|  0%| F|  |TAMS 0x00000000c5300000, 0x00000000c5300000| Untracked 
|  84|0x00000000c5400000, 0x00000000c5400000, 0x00000000c5500000|  0%| F|  |TAMS 0x00000000c5400000, 0x00000000c5400000| Untracked 
|  85|0x00000000c5500000, 0x00000000c5500000, 0x00000000c5600000|  0%| F|  |TAMS 0x00000000c5500000, 0x00000000c5500000| Untracked 
|  86|0x00000000c5600000, 0x00000000c5600000, 0x00000000c5700000|  0%| F|  |TAMS 0x00000000c5600000, 0x00000000c5600000| Untracked 
|  87|0x00000000c5700000, 0x00000000c5700000, 0x00000000c5800000|  0%| F|  |TAMS 0x00000000c5700000, 0x00000000c5700000| Untracked 
|  88|0x00000000c5800000, 0x00000000c5800000, 0x00000000c5900000|  0%| F|  |TAMS 0x00000000c5800000, 0x00000000c5800000| Untracked 
|  89|0x00000000c5900000, 0x00000000c5900000, 0x00000000c5a00000|  0%| F|  |TAMS 0x00000000c5900000, 0x00000000c5900000| Untracked 
|  90|0x00000000c5a00000, 0x00000000c5a00000, 0x00000000c5b00000|  0%| F|  |TAMS 0x00000000c5a00000, 0x00000000c5a00000| Untracked 
|  91|0x00000000c5b00000, 0x00000000c5b00000, 0x00000000c5c00000|  0%| F|  |TAMS 0x00000000c5b00000, 0x00000000c5b00000| Untracked 
|  92|0x00000000c5c00000, 0x00000000c5c00000, 0x00000000c5d00000|  0%| F|  |TAMS 0x00000000c5c00000, 0x00000000c5c00000| Untracked 
|  93|0x00000000c5d00000, 0x00000000c5d00000, 0x00000000c5e00000|  0%| F|  |TAMS 0x00000000c5d00000, 0x00000000c5d00000| Untracked 
|  94|0x00000000c5e00000, 0x00000000c5e00000, 0x00000000c5f00000|  0%| F|  |TAMS 0x00000000c5e00000, 0x00000000c5e00000| Untracked 
|  95|0x00000000c5f00000, 0x00000000c5f00000, 0x00000000c6000000|  0%| F|  |TAMS 0x00000000c5f00000, 0x00000000c5f00000| Untracked 
|  96|0x00000000c6000000, 0x00000000c6000000, 0x00000000c6100000|  0%| F|  |TAMS 0x00000000c6000000, 0x00000000c6000000| Untracked 
|  97|0x00000000c6100000, 0x00000000c6100000, 0x00000000c6200000|  0%| F|  |TAMS 0x00000000c6100000, 0x00000000c6100000| Untracked 
|  98|0x00000000c6200000, 0x00000000c6200000, 0x00000000c6300000|  0%| F|  |TAMS 0x00000000c6200000, 0x00000000c6200000| Untracked 
|  99|0x00000000c6300000, 0x00000000c6300000, 0x00000000c6400000|  0%| F|  |TAMS 0x00000000c6300000, 0x00000000c6300000| Untracked 
| 100|0x00000000c6400000, 0x00000000c6400000, 0x00000000c6500000|  0%| F|  |TAMS 0x00000000c6400000, 0x00000000c6400000| Untracked 
| 101|0x00000000c6500000, 0x00000000c6500000, 0x00000000c6600000|  0%| F|  |TAMS 0x00000000c6500000, 0x00000000c6500000| Untracked 
| 102|0x00000000c6600000, 0x00000000c6600000, 0x00000000c6700000|  0%| F|  |TAMS 0x00000000c6600000, 0x00000000c6600000| Untracked 
| 103|0x00000000c6700000, 0x00000000c6700000, 0x00000000c6800000|  0%| F|  |TAMS 0x00000000c6700000, 0x00000000c6700000| Untracked 
| 104|0x00000000c6800000, 0x00000000c6800000, 0x00000000c6900000|  0%| F|  |TAMS 0x00000000c6800000, 0x00000000c6800000| Untracked 
| 105|0x00000000c6900000, 0x00000000c6900000, 0x00000000c6a00000|  0%| F|  |TAMS 0x00000000c6900000, 0x00000000c6900000| Untracked 
| 106|0x00000000c6a00000, 0x00000000c6a00000, 0x00000000c6b00000|  0%| F|  |TAMS 0x00000000c6a00000, 0x00000000c6a00000| Untracked 
| 107|0x00000000c6b00000, 0x00000000c6b00000, 0x00000000c6c00000|  0%| F|  |TAMS 0x00000000c6b00000, 0x00000000c6b00000| Untracked 
| 108|0x00000000c6c00000, 0x00000000c6c00000, 0x00000000c6d00000|  0%| F|  |TAMS 0x00000000c6c00000, 0x00000000c6c00000| Untracked 
| 109|0x00000000c6d00000, 0x00000000c6d05898, 0x00000000c6e00000|  2%| E|  |TAMS 0x00000000c6d00000, 0x00000000c6d00000| Complete 

Card table byte_map: [0x0000028047180000,0x0000028047380000] _byte_map_base: 0x0000028046b80000

Marking Bits (Prev, Next): (CMBitMap*) 0x000002803eced4b0, (CMBitMap*) 0x000002803eced4f0
 Prev Bits: [0x0000028047580000, 0x0000028048580000)
 Next Bits: [0x0000028048580000, 0x0000028049580000)

Polling page: 0x000002803ea80000

Metaspace:

Usage:
  Non-class:     53.81 MB used.
      Class:      7.81 MB used.
       Both:     61.62 MB used.

Virtual space:
  Non-class space:       64.00 MB reserved,      54.06 MB ( 84%) committed,  1 nodes.
      Class space:        1.00 GB reserved,       8.00 MB ( <1%) committed,  1 nodes.
             Both:        1.06 GB reserved,      62.06 MB (  6%) committed. 

Chunk freelists:
   Non-Class:  9.84 MB
       Class:  7.97 MB
        Both:  17.81 MB

MaxMetaspaceSize: unlimited
CompressedClassSpaceSize: 1.00 GB
Initial GC threshold: 21.00 MB
Current GC threshold: 103.44 MB
CDS: off
MetaspaceReclaimPolicy: balanced
 - commit_granule_bytes: 65536.
 - commit_granule_words: 8192.
 - virtual_space_node_default_size: 8388608.
 - enlarge_chunks_in_place: 1.
 - new_chunks_are_fully_committed: 0.
 - uncommit_free_chunks: 1.
 - use_allocation_guard: 0.
 - handle_deallocations: 1.


Internal statistics:

num_allocs_failed_limit: 9.
num_arena_births: 1024.
num_arena_deaths: 470.
num_vsnodes_births: 2.
num_vsnodes_deaths: 0.
num_space_committed: 996.
num_space_uncommitted: 4.
num_chunks_returned_to_freelist: 589.
num_chunks_taken_from_freelist: 3197.
num_chunk_merges: 187.
num_chunk_splits: 2026.
num_chunks_enlarged: 1458.
num_inconsistent_stats: 0.

CodeCache: size=49152Kb used=22148Kb max_used=23297Kb free=27003Kb
 bounds [0x0000028043130000, 0x0000028044840000, 0x0000028046130000]
 total_blobs=12228 nmethods=11565 adapters=587
 compilation: enabled
              stopped_count=0, restarted_count=0
 full_count=0

Compilation events (20 events):
Event: 55157.991 Thread 0x000002804c6db7d0 11557       1       org.springframework.ide.vscode.boot.metadata.types.Type::getParams (5 bytes)
Event: 55157.991 Thread 0x000002804c6db7d0 nmethod 11557 0x00000280444ad690 code [0x00000280444ad820, 0x00000280444ad8f8]
Event: 55218.466 Thread 0x000002804c6db7d0 11558       1       java.lang.Thread::exit (70 bytes)
Event: 55218.466 Thread 0x000002804c6db7d0 nmethod 11558 0x00000280444ad010 code [0x00000280444ad1e0, 0x00000280444ad548]
Event: 152565.457 Thread 0x000002804c6db7d0 11559       1       org.springframework.ide.vscode.boot.java.BootJavaLanguageServerComponents$$Lambda$636/0x00000001004a2aa0::handle (9 bytes)
Event: 152565.458 Thread 0x000002804c6db7d0 nmethod 11559 0x00000280444acc10 code [0x00000280444acda0, 0x00000280444acea8]
Event: 152565.491 Thread 0x000002804c6db7d0 11560       1       org.eclipse.jdt.internal.compiler.lookup.BlockScope::needBlankFinalFieldInitializationCheck (102 bytes)
Event: 152565.492 Thread 0x000002804c6db7d0 nmethod 11560 0x00000280444ac110 code [0x00000280444ac340, 0x00000280444ac918]
Event: 152565.492 Thread 0x000002804c6db7d0 11561       1       org.eclipse.jdt.internal.compiler.codegen.ConstantPool::resizePoolContents (36 bytes)
Event: 152565.492 Thread 0x000002804c6db7d0 nmethod 11561 0x00000280444abc10 code [0x00000280444abdc0, 0x00000280444ac008]
Event: 152565.756 Thread 0x000002804c6db7d0 11562       1       com.google.common.collect.ImmutableList::of (9 bytes)
Event: 152565.756 Thread 0x000002804c6db7d0 nmethod 11562 0x00000280444ab790 code [0x00000280444ab940, 0x00000280444abb28]
Event: 152565.757 Thread 0x000002804c6db7d0 11563       1       com.google.common.collect.SingletonImmutableList::<init> (13 bytes)
Event: 152565.757 Thread 0x000002804c6db7d0 nmethod 11563 0x00000280444ab390 code [0x00000280444ab520, 0x00000280444ab6e8]
Event: 152565.971 Thread 0x000002804c6db7d0 11564       1       java.util.ImmutableCollections$AbstractImmutableList::hashCode (36 bytes)
Event: 152565.971 Thread 0x000002804c6db7d0 nmethod 11564 0x00000280444aaf10 code [0x00000280444ab0c0, 0x00000280444ab268]
Event: 301342.787 Thread 0x000002804c6db7d0 11565       1       org.eclipse.jdt.internal.compiler.ast.LambdaExpression::body (5 bytes)
Event: 301342.788 Thread 0x000002804c6db7d0 nmethod 11565 0x00000280444aac10 code [0x00000280444aada0, 0x00000280444aae78]
Event: 319036.825 Thread 0x000002804c6db7d0 11566       1       org.eclipse.jdt.internal.compiler.lookup.SyntheticMethodBinding::sourceLambda (5 bytes)
Event: 319036.825 Thread 0x000002804c6db7d0 nmethod 11566 0x00000280444aa910 code [0x00000280444aaaa0, 0x00000280444aab78]

GC Heap History (20 events):
Event: 327575.816 GC heap after
{Heap after GC invocations=7059 (full 6982):
 garbage-first heap   total 112640K, used 45307K [0x00000000c0000000, 0x0000000100000000)
  region size 1024K, 0 young (0K), 0 survivors (0K)
 Metaspace       used 63102K, committed 63552K, reserved 1114112K
  class space    used 7997K, committed 8192K, reserved 1048576K
}
Event: 327585.953 GC heap before
{Heap before GC invocations=7059 (full 6982):
 garbage-first heap   total 112640K, used 45307K [0x00000000c0000000, 0x0000000100000000)
  region size 1024K, 1 young (1024K), 0 survivors (0K)
 Metaspace       used 63102K, committed 63552K, reserved 1114112K
  class space    used 7997K, committed 8192K, reserved 1048576K
}
Event: 327585.994 GC heap after
{Heap after GC invocations=7060 (full 6983):
 garbage-first heap   total 112640K, used 45307K [0x00000000c0000000, 0x0000000100000000)
  region size 1024K, 0 young (0K), 0 survivors (0K)
 Metaspace       used 63102K, committed 63552K, reserved 1114112K
  class space    used 7997K, committed 8192K, reserved 1048576K
}
Event: 327596.133 GC heap before
{Heap before GC invocations=7060 (full 6983):
 garbage-first heap   total 112640K, used 45307K [0x00000000c0000000, 0x0000000100000000)
  region size 1024K, 1 young (1024K), 0 survivors (0K)
 Metaspace       used 63102K, committed 63552K, reserved 1114112K
  class space    used 7997K, committed 8192K, reserved 1048576K
}
Event: 327596.170 GC heap after
{Heap after GC invocations=7061 (full 6984):
 garbage-first heap   total 112640K, used 45307K [0x00000000c0000000, 0x0000000100000000)
  region size 1024K, 0 young (0K), 0 survivors (0K)
 Metaspace       used 63102K, committed 63552K, reserved 1114112K
  class space    used 7997K, committed 8192K, reserved 1048576K
}
Event: 327606.311 GC heap before
{Heap before GC invocations=7061 (full 6984):
 garbage-first heap   total 112640K, used 45307K [0x00000000c0000000, 0x0000000100000000)
  region size 1024K, 1 young (1024K), 0 survivors (0K)
 Metaspace       used 63102K, committed 63552K, reserved 1114112K
  class space    used 7997K, committed 8192K, reserved 1048576K
}
Event: 327606.346 GC heap after
{Heap after GC invocations=7062 (full 6985):
 garbage-first heap   total 112640K, used 45307K [0x00000000c0000000, 0x0000000100000000)
  region size 1024K, 0 young (0K), 0 survivors (0K)
 Metaspace       used 63102K, committed 63552K, reserved 1114112K
  class space    used 7997K, committed 8192K, reserved 1048576K
}
Event: 327616.514 GC heap before
{Heap before GC invocations=7062 (full 6985):
 garbage-first heap   total 112640K, used 45307K [0x00000000c0000000, 0x0000000100000000)
  region size 1024K, 1 young (1024K), 0 survivors (0K)
 Metaspace       used 63102K, committed 63552K, reserved 1114112K
  class space    used 7997K, committed 8192K, reserved 1048576K
}
Event: 327616.551 GC heap after
{Heap after GC invocations=7063 (full 6986):
 garbage-first heap   total 112640K, used 45307K [0x00000000c0000000, 0x0000000100000000)
  region size 1024K, 0 young (0K), 0 survivors (0K)
 Metaspace       used 63102K, committed 63552K, reserved 1114112K
  class space    used 7997K, committed 8192K, reserved 1048576K
}
Event: 327626.697 GC heap before
{Heap before GC invocations=7063 (full 6986):
 garbage-first heap   total 112640K, used 45307K [0x00000000c0000000, 0x0000000100000000)
  region size 1024K, 1 young (1024K), 0 survivors (0K)
 Metaspace       used 63102K, committed 63552K, reserved 1114112K
  class space    used 7997K, committed 8192K, reserved 1048576K
}
Event: 327626.736 GC heap after
{Heap after GC invocations=7064 (full 6987):
 garbage-first heap   total 112640K, used 45307K [0x00000000c0000000, 0x0000000100000000)
  region size 1024K, 0 young (0K), 0 survivors (0K)
 Metaspace       used 63102K, committed 63552K, reserved 1114112K
  class space    used 7997K, committed 8192K, reserved 1048576K
}
Event: 327636.885 GC heap before
{Heap before GC invocations=7064 (full 6987):
 garbage-first heap   total 112640K, used 45307K [0x00000000c0000000, 0x0000000100000000)
  region size 1024K, 1 young (1024K), 0 survivors (0K)
 Metaspace       used 63102K, committed 63552K, reserved 1114112K
  class space    used 7997K, committed 8192K, reserved 1048576K
}
Event: 327636.921 GC heap after
{Heap after GC invocations=7065 (full 6988):
 garbage-first heap   total 112640K, used 45307K [0x00000000c0000000, 0x0000000100000000)
  region size 1024K, 0 young (0K), 0 survivors (0K)
 Metaspace       used 63102K, committed 63552K, reserved 1114112K
  class space    used 7997K, committed 8192K, reserved 1048576K
}
Event: 327647.079 GC heap before
{Heap before GC invocations=7065 (full 6988):
 garbage-first heap   total 112640K, used 45307K [0x00000000c0000000, 0x0000000100000000)
  region size 1024K, 1 young (1024K), 0 survivors (0K)
 Metaspace       used 63102K, committed 63552K, reserved 1114112K
  class space    used 7997K, committed 8192K, reserved 1048576K
}
Event: 327647.115 GC heap after
{Heap after GC invocations=7066 (full 6989):
 garbage-first heap   total 112640K, used 45307K [0x00000000c0000000, 0x0000000100000000)
  region size 1024K, 0 young (0K), 0 survivors (0K)
 Metaspace       used 63102K, committed 63552K, reserved 1114112K
  class space    used 7997K, committed 8192K, reserved 1048576K
}
Event: 327657.259 GC heap before
{Heap before GC invocations=7066 (full 6989):
 garbage-first heap   total 112640K, used 45307K [0x00000000c0000000, 0x0000000100000000)
  region size 1024K, 1 young (1024K), 0 survivors (0K)
 Metaspace       used 63102K, committed 63552K, reserved 1114112K
  class space    used 7997K, committed 8192K, reserved 1048576K
}
Event: 327657.294 GC heap after
{Heap after GC invocations=7067 (full 6990):
 garbage-first heap   total 112640K, used 45307K [0x00000000c0000000, 0x0000000100000000)
  region size 1024K, 0 young (0K), 0 survivors (0K)
 Metaspace       used 63102K, committed 63552K, reserved 1114112K
  class space    used 7997K, committed 8192K, reserved 1048576K
}
Event: 327667.434 GC heap before
{Heap before GC invocations=7067 (full 6990):
 garbage-first heap   total 112640K, used 45307K [0x00000000c0000000, 0x0000000100000000)
  region size 1024K, 1 young (1024K), 0 survivors (0K)
 Metaspace       used 63102K, committed 63552K, reserved 1114112K
  class space    used 7997K, committed 8192K, reserved 1048576K
}
Event: 327667.474 GC heap after
{Heap after GC invocations=7068 (full 6991):
 garbage-first heap   total 112640K, used 45307K [0x00000000c0000000, 0x0000000100000000)
  region size 1024K, 0 young (0K), 0 survivors (0K)
 Metaspace       used 63102K, committed 63552K, reserved 1114112K
  class space    used 7997K, committed 8192K, reserved 1048576K
}
Event: 327677.623 GC heap before
{Heap before GC invocations=7068 (full 6991):
 garbage-first heap   total 112640K, used 45307K [0x00000000c0000000, 0x0000000100000000)
  region size 1024K, 1 young (1024K), 0 survivors (0K)
 Metaspace       used 63102K, committed 63552K, reserved 1114112K
  class space    used 7997K, committed 8192K, reserved 1048576K
}

Dll operation events (10 events):
Event: 0.007 Loaded shared library c:\Users\David\.vscode\extensions\redhat.java-1.35.1-win32-x64\jre\17.0.12-win32-x86_64\bin\java.dll
Event: 0.088 Loaded shared library C:\Users\David\.vscode\extensions\redhat.java-1.35.1-win32-x64\jre\17.0.12-win32-x86_64\bin\net.dll
Event: 0.090 Loaded shared library C:\Users\David\.vscode\extensions\redhat.java-1.35.1-win32-x64\jre\17.0.12-win32-x86_64\bin\nio.dll
Event: 0.098 Loaded shared library C:\Users\David\.vscode\extensions\redhat.java-1.35.1-win32-x64\jre\17.0.12-win32-x86_64\bin\zip.dll
Event: 6.595 Loaded shared library C:\Users\David\.vscode\extensions\redhat.java-1.35.1-win32-x64\jre\17.0.12-win32-x86_64\bin\jimage.dll
Event: 7.217 Loaded shared library c:\Users\David\.vscode\extensions\redhat.java-1.35.1-win32-x64\jre\17.0.12-win32-x86_64\bin\verify.dll
Event: 8.098 Loaded shared library C:\Users\David\.vscode\extensions\redhat.java-1.35.1-win32-x64\jre\17.0.12-win32-x86_64\bin\management.dll
Event: 8.100 Loaded shared library C:\Users\David\.vscode\extensions\redhat.java-1.35.1-win32-x64\jre\17.0.12-win32-x86_64\bin\management_ext.dll
Event: 8.889 Loaded shared library C:\Users\David\.vscode\extensions\redhat.java-1.35.1-win32-x64\jre\17.0.12-win32-x86_64\bin\sunmscapi.dll
Event: 9.008 Loaded shared library C:\Users\David\.vscode\extensions\redhat.java-1.35.1-win32-x64\jre\17.0.12-win32-x86_64\bin\extnet.dll

Deoptimization events (20 events):
Event: 8.229 Thread 0x00000280522549c0 DEOPT PACKING pc=0x000002804379d501 sp=0x000000cd6d1fdf80
Event: 8.229 Thread 0x00000280522549c0 DEOPT UNPACKING pc=0x0000028043187143 sp=0x000000cd6d1fd410 mode 3
Event: 8.232 Thread 0x0000028052253fa0 DEOPT PACKING pc=0x000002804377fd97 sp=0x000000cd6d5ff350
Event: 8.232 Thread 0x0000028052253fa0 DEOPT UNPACKING pc=0x0000028043187143 sp=0x000000cd6d5fe7a8 mode 3
Event: 8.906 Thread 0x0000028052c7a620 DEOPT PACKING pc=0x00000280435db70c sp=0x000000cd6e9fae10
Event: 8.906 Thread 0x0000028052c7a620 DEOPT UNPACKING pc=0x0000028043187143 sp=0x000000cd6e9fa2d8 mode 0
Event: 8.973 Thread 0x0000028052c7b550 DEOPT PACKING pc=0x00000280438a69a4 sp=0x000000cd6defed20
Event: 8.973 Thread 0x0000028052c7b550 DEOPT UNPACKING pc=0x0000028043187143 sp=0x000000cd6defe208 mode 0
Event: 8.973 Thread 0x0000028052c7f210 DEOPT PACKING pc=0x00000280438a69a4 sp=0x000000cd6e7ff130
Event: 8.973 Thread 0x0000028052c7f210 DEOPT UNPACKING pc=0x0000028043187143 sp=0x000000cd6e7fe618 mode 0
Event: 9.036 Thread 0x0000028052c7b040 DEOPT PACKING pc=0x000002804375d2c2 sp=0x000000cd6d9fe400
Event: 9.036 Thread 0x0000028052c7b040 DEOPT UNPACKING pc=0x0000028043187143 sp=0x000000cd6d9fd908 mode 3
Event: 9.206 Thread 0x0000028052c7b040 DEOPT PACKING pc=0x0000028043cc7c0c sp=0x000000cd6d9fe5d0
Event: 9.206 Thread 0x0000028052c7b040 DEOPT UNPACKING pc=0x0000028043187143 sp=0x000000cd6d9fdb50 mode 0
Event: 9.206 Thread 0x0000028052c7b040 DEOPT PACKING pc=0x0000028043cc7c0c sp=0x000000cd6d9fe830
Event: 9.206 Thread 0x0000028052c7b040 DEOPT UNPACKING pc=0x0000028043187143 sp=0x000000cd6d9fddb0 mode 0
Event: 9.208 Thread 0x0000028052c7b040 DEOPT PACKING pc=0x0000028043cc7c0c sp=0x000000cd6d9fec80
Event: 9.208 Thread 0x0000028052c7b040 DEOPT UNPACKING pc=0x0000028043187143 sp=0x000000cd6d9fe200 mode 0
Event: 197.045 Thread 0x00000280522549c0 DEOPT PACKING pc=0x0000028043d9ecd4 sp=0x000000cd6d1ff130
Event: 197.045 Thread 0x00000280522549c0 DEOPT UNPACKING pc=0x0000028043187143 sp=0x000000cd6d1fe5b8 mode 0

Classes loaded (20 events):
Event: 3033.066 Loading class sun/text/RuleBasedBreakIterator
Event: 3033.067 Loading class sun/text/RuleBasedBreakIterator done
Event: 3033.067 Loading class sun/text/CompactByteArray
Event: 3033.067 Loading class sun/text/CompactByteArray done
Event: 3033.067 Loading class sun/text/SupplementaryCharacterData
Event: 3033.067 Loading class sun/text/SupplementaryCharacterData done
Event: 3033.067 Loading class java/text/BreakIterator$BreakIteratorCache
Event: 3033.067 Loading class java/text/BreakIterator$BreakIteratorCache done
Event: 3033.067 Loading class java/text/StringCharacterIterator
Event: 3033.067 Loading class java/text/CharacterIterator
Event: 3033.067 Loading class java/text/CharacterIterator done
Event: 3033.067 Loading class java/text/StringCharacterIterator done
Event: 3033.136 Loading class java/util/EmptyStackException
Event: 3033.136 Loading class java/util/EmptyStackException done
Event: 3033.140 Loading class java/io/InvalidClassException
Event: 3033.140 Loading class java/io/InvalidClassException done
Event: 3033.145 Loading class java/util/ArrayList$ListItr
Event: 3033.145 Loading class java/util/ArrayList$ListItr done
Event: 45904.827 Loading class java/util/concurrent/locks/AbstractQueuedSynchronizer$SharedNode
Event: 45904.828 Loading class java/util/concurrent/locks/AbstractQueuedSynchronizer$SharedNode done

Classes unloaded (20 events):
Event: 47843.335 Thread 0x000002804c692ac0 Unloading class 0x0000000100803400 'jdk/internal/reflect/GeneratedMethodAccessor52'
Event: 47843.335 Thread 0x000002804c692ac0 Unloading class 0x0000000100803000 'jdk/internal/reflect/GeneratedConstructorAccessor93'
Event: 47843.335 Thread 0x000002804c692ac0 Unloading class 0x0000000100802c00 'jdk/internal/reflect/GeneratedMethodAccessor51'
Event: 47843.335 Thread 0x000002804c692ac0 Unloading class 0x0000000100802800 'jdk/internal/reflect/GeneratedConstructorAccessor92'
Event: 47843.335 Thread 0x000002804c692ac0 Unloading class 0x0000000100802400 'jdk/internal/reflect/GeneratedMethodAccessor50'
Event: 47843.335 Thread 0x000002804c692ac0 Unloading class 0x0000000100802000 'jdk/internal/reflect/GeneratedMethodAccessor49'
Event: 47843.335 Thread 0x000002804c692ac0 Unloading class 0x0000000100800c00 'jdk/internal/reflect/GeneratedMethodAccessor48'
Event: 47863.667 Thread 0x000002804c692ac0 Unloading class 0x0000000100800800 'jdk/internal/reflect/GeneratedConstructorAccessor91'
Event: 47863.667 Thread 0x000002804c692ac0 Unloading class 0x0000000100801c00 'jdk/internal/reflect/GeneratedConstructorAccessor90'
Event: 51142.092 Thread 0x000002804c692ac0 Unloading class 0x0000000100802800 'jdk/internal/reflect/GeneratedConstructorAccessor99'
Event: 51142.092 Thread 0x000002804c692ac0 Unloading class 0x0000000100802400 'jdk/internal/reflect/GeneratedConstructorAccessor98'
Event: 51142.092 Thread 0x000002804c692ac0 Unloading class 0x0000000100802000 'jdk/internal/reflect/GeneratedConstructorAccessor97'
Event: 51142.092 Thread 0x000002804c692ac0 Unloading class 0x0000000100800c00 'jdk/internal/reflect/GeneratedConstructorAccessor96'
Event: 51142.092 Thread 0x000002804c692ac0 Unloading class 0x0000000100800800 'jdk/internal/reflect/GeneratedConstructorAccessor95'
Event: 51142.092 Thread 0x000002804c692ac0 Unloading class 0x0000000100801c00 'jdk/internal/reflect/GeneratedConstructorAccessor94'
Event: 51354.059 Thread 0x000002804c692ac0 Unloading class 0x0000000100801c00 'jdk/internal/reflect/GeneratedConstructorAccessor100'
Event: 51544.516 Thread 0x000002804c692ac0 Unloading class 0x0000000100802c00 'jdk/internal/reflect/GeneratedConstructorAccessor105'
Event: 51544.516 Thread 0x000002804c692ac0 Unloading class 0x0000000100802800 'jdk/internal/reflect/GeneratedConstructorAccessor104'
Event: 51544.516 Thread 0x000002804c692ac0 Unloading class 0x0000000100802400 'jdk/internal/reflect/GeneratedConstructorAccessor103'
Event: 51544.516 Thread 0x000002804c692ac0 Unloading class 0x0000000100802000 'jdk/internal/reflect/GeneratedConstructorAccessor102'

Classes redefined (0 events):
No events

Internal exceptions (20 events):
Event: 54879.542 Thread 0x0000028052c7f720 Exception <a 'sun/nio/fs/WindowsException'{0x00000000c6c04ff0}> (0x00000000c6c04ff0) 
thrown [s\src\hotspot\share\prims\jni.cpp, line 516]
Event: 54879.542 Thread 0x0000028052c7f720 Exception <a 'sun/nio/fs/WindowsException'{0x00000000c6c054c0}> (0x00000000c6c054c0) 
thrown [s\src\hotspot\share\prims\jni.cpp, line 516]
Event: 54879.542 Thread 0x0000028052c7f720 Exception <a 'sun/nio/fs/WindowsException'{0x00000000c6c06578}> (0x00000000c6c06578) 
thrown [s\src\hotspot\share\prims\jni.cpp, line 516]
Event: 54879.542 Thread 0x0000028052c7f720 Exception <a 'sun/nio/fs/WindowsException'{0x00000000c6c06a88}> (0x00000000c6c06a88) 
thrown [s\src\hotspot\share\prims\jni.cpp, line 516]
Event: 54879.542 Thread 0x0000028052c7f720 Exception <a 'sun/nio/fs/WindowsException'{0x00000000c6c07898}> (0x00000000c6c07898) 
thrown [s\src\hotspot\share\prims\jni.cpp, line 516]
Event: 54879.542 Thread 0x0000028052c7f720 Exception <a 'sun/nio/fs/WindowsException'{0x00000000c6c08258}> (0x00000000c6c08258) 
thrown [s\src\hotspot\share\prims\jni.cpp, line 516]
Event: 54879.542 Thread 0x0000028052c7f720 Exception <a 'sun/nio/fs/WindowsException'{0x00000000c6c08728}> (0x00000000c6c08728) 
thrown [s\src\hotspot\share\prims\jni.cpp, line 516]
Event: 54879.542 Thread 0x0000028052c7f720 Exception <a 'sun/nio/fs/WindowsException'{0x00000000c6c097a8}> (0x00000000c6c097a8) 
thrown [s\src\hotspot\share\prims\jni.cpp, line 516]
Event: 54879.542 Thread 0x0000028052c7f720 Exception <a 'sun/nio/fs/WindowsException'{0x00000000c6c09cb8}> (0x00000000c6c09cb8) 
thrown [s\src\hotspot\share\prims\jni.cpp, line 516]
Event: 54879.592 Thread 0x0000028052c7f720 Exception <a 'sun/nio/fs/WindowsException'{0x00000000c63a9b98}> (0x00000000c63a9b98) 
thrown [s\src\hotspot\share\prims\jni.cpp, line 516]
Event: 54879.592 Thread 0x0000028052c7f720 Exception <a 'sun/nio/fs/WindowsException'{0x00000000c63aa4f0}> (0x00000000c63aa4f0) 
thrown [s\src\hotspot\share\prims\jni.cpp, line 516]
Event: 54879.592 Thread 0x0000028052c7f720 Exception <a 'sun/nio/fs/WindowsException'{0x00000000c63aa9c8}> (0x00000000c63aa9c8) 
thrown [s\src\hotspot\share\prims\jni.cpp, line 516]
Event: 54879.593 Thread 0x0000028052c7f720 Exception <a 'sun/nio/fs/WindowsException'{0x00000000c63aba28}> (0x00000000c63aba28) 
thrown [s\src\hotspot\share\prims\jni.cpp, line 516]
Event: 54879.593 Thread 0x0000028052c7f720 Exception <a 'sun/nio/fs/WindowsException'{0x00000000c63abf20}> (0x00000000c63abf20) 
thrown [s\src\hotspot\share\prims\jni.cpp, line 516]
Event: 54879.593 Thread 0x0000028052c7f720 Exception <a 'sun/nio/fs/WindowsException'{0x00000000c63acd30}> (0x00000000c63acd30) 
thrown [s\src\hotspot\share\prims\jni.cpp, line 516]
Event: 54879.593 Thread 0x0000028052c7f720 Exception <a 'sun/nio/fs/WindowsException'{0x00000000c63ad730}> (0x00000000c63ad730) 
thrown [s\src\hotspot\share\prims\jni.cpp, line 516]
Event: 54879.593 Thread 0x0000028052c7f720 Exception <a 'sun/nio/fs/WindowsException'{0x00000000c63adc00}> (0x00000000c63adc00) 
thrown [s\src\hotspot\share\prims\jni.cpp, line 516]
Event: 54879.593 Thread 0x0000028052c7f720 Exception <a 'sun/nio/fs/WindowsException'{0x00000000c63aec80}> (0x00000000c63aec80) 
thrown [s\src\hotspot\share\prims\jni.cpp, line 516]
Event: 54879.593 Thread 0x0000028052c7f720 Exception <a 'sun/nio/fs/WindowsException'{0x00000000c63af190}> (0x00000000c63af190) 
thrown [s\src\hotspot\share\prims\jni.cpp, line 516]
Event: 326089.306 Thread 0x0000028052256310 Exception <a 'java/io/IOException'{0x00000000c6d00618}: CreateProcess error=1455, The paging file is too small for this operation to complete> (0x00000000c6d00618) 
thrown [s\src\hotspot\share\prims\jni.cpp, line 535]

VM Operations (20 events):
Event: 327575.816 Executing VM operation: G1CollectFull done
Event: 327585.953 Executing VM operation: G1CollectFull
Event: 327585.994 Executing VM operation: G1CollectFull done
Event: 327596.133 Executing VM operation: G1CollectFull
Event: 327596.170 Executing VM operation: G1CollectFull done
Event: 327606.311 Executing VM operation: G1CollectFull
Event: 327606.346 Executing VM operation: G1CollectFull done
Event: 327616.514 Executing VM operation: G1CollectFull
Event: 327616.551 Executing VM operation: G1CollectFull done
Event: 327626.697 Executing VM operation: G1CollectFull
Event: 327626.736 Executing VM operation: G1CollectFull done
Event: 327636.885 Executing VM operation: G1CollectFull
Event: 327636.921 Executing VM operation: G1CollectFull done
Event: 327647.079 Executing VM operation: G1CollectFull
Event: 327647.115 Executing VM operation: G1CollectFull done
Event: 327657.259 Executing VM operation: G1CollectFull
Event: 327657.294 Executing VM operation: G1CollectFull done
Event: 327667.434 Executing VM operation: G1CollectFull
Event: 327667.474 Executing VM operation: G1CollectFull done
Event: 327677.623 Executing VM operation: G1CollectFull

Events (20 events):
Event: 152625.507 Thread 0x0000028053610480 Thread exited: 0x0000028053610480
Event: 152626.254 Thread 0x000002805360f550 Thread exited: 0x000002805360f550
Event: 152626.270 Thread 0x000002805360fa60 Thread exited: 0x000002805360fa60
Event: 152686.264 Thread 0x00000280536122e0 Thread exited: 0x00000280536122e0
Event: 211104.283 Thread 0x000002805360f550 Thread added: 0x000002805360f550
Event: 211106.748 Thread 0x0000028053612d00 Thread added: 0x0000028053612d00
Event: 211107.336 Thread 0x000002805360e110 Thread added: 0x000002805360e110
Event: 211109.106 Thread 0x0000028053614140 Thread added: 0x0000028053614140
Event: 211169.128 Thread 0x0000028053612d00 Thread exited: 0x0000028053612d00
Event: 211169.128 Thread 0x000002805360f550 Thread exited: 0x000002805360f550
Event: 211169.128 Thread 0x0000028053614140 Thread exited: 0x0000028053614140
Event: 211170.121 Thread 0x000002805360e110 Thread exited: 0x000002805360e110
Event: 301342.634 Thread 0x000002805360e110 Thread added: 0x000002805360e110
Event: 301342.638 Thread 0x0000028053614140 Thread added: 0x0000028053614140
Event: 301402.810 Thread 0x000002805360e110 Thread exited: 0x000002805360e110
Event: 301402.810 Thread 0x0000028053614140 Thread exited: 0x0000028053614140
Event: 319036.812 Thread 0x000002805360f550 Thread added: 0x000002805360f550
Event: 319036.814 Thread 0x000002805360fa60 Thread added: 0x000002805360fa60
Event: 319096.842 Thread 0x000002805360fa60 Thread exited: 0x000002805360fa60
Event: 319125.303 Thread 0x000002805360f550 Thread exited: 0x000002805360f550


Dynamic libraries:
0x00007ff68b280000 - 0x00007ff68b28e000 	c:\Users\David\.vscode\extensions\redhat.java-1.35.1-win32-x64\jre\17.0.12-win32-x86_64\bin\java.exe
0x00007ffcdffd0000 - 0x00007ffce01c8000 	C:\WINDOWS\SYSTEM32\ntdll.dll
0x00007ffcdf030000 - 0x00007ffcdf0f2000 	C:\WINDOWS\System32\KERNEL32.DLL
0x00007ffcdd840000 - 0x00007ffcddb3e000 	C:\WINDOWS\System32\KERNELBASE.dll
0x00007ffcdde40000 - 0x00007ffcddf40000 	C:\WINDOWS\System32\ucrtbase.dll
0x00007ffca9af0000 - 0x00007ffca9b07000 	c:\Users\David\.vscode\extensions\redhat.java-1.35.1-win32-x64\jre\17.0.12-win32-x86_64\bin\jli.dll
0x00007ffcde4f0000 - 0x00007ffcde68d000 	C:\WINDOWS\System32\USER32.dll
0x00007ffcdd810000 - 0x00007ffcdd832000 	C:\WINDOWS\System32\win32u.dll
0x00007ffcdf360000 - 0x00007ffcdf38b000 	C:\WINDOWS\System32\GDI32.dll
0x00007ffcddb70000 - 0x00007ffcddc87000 	C:\WINDOWS\System32\gdi32full.dll
0x00007ffcdd6e0000 - 0x00007ffcdd77d000 	C:\WINDOWS\System32\msvcp_win.dll
0x00007ffc9c6e0000 - 0x00007ffc9c6fb000 	c:\Users\David\.vscode\extensions\redhat.java-1.35.1-win32-x64\jre\17.0.12-win32-x86_64\bin\VCRUNTIME140.dll
0x00007ffcc6e90000 - 0x00007ffcc712a000 	C:\WINDOWS\WinSxS\amd64_microsoft.windows.common-controls_6595b64144ccf1df_6.0.19041.4355_none_60b8b9eb71f62e16\COMCTL32.dll
0x00007ffcdfef0000 - 0x00007ffcdff8e000 	C:\WINDOWS\System32\msvcrt.dll
0x00007ffcdf1e0000 - 0x00007ffcdf20f000 	C:\WINDOWS\System32\IMM32.DLL
0x00007ffcc4090000 - 0x00007ffcc409c000 	c:\Users\David\.vscode\extensions\redhat.java-1.35.1-win32-x64\jre\17.0.12-win32-x86_64\bin\vcruntime140_1.dll
0x00007ffc775f0000 - 0x00007ffc7767d000 	c:\Users\David\.vscode\extensions\redhat.java-1.35.1-win32-x64\jre\17.0.12-win32-x86_64\bin\msvcp140.dll
0x00007ffc0df20000 - 0x00007ffc0eb8a000 	c:\Users\David\.vscode\extensions\redhat.java-1.35.1-win32-x64\jre\17.0.12-win32-x86_64\bin\server\jvm.dll
0x00007ffcde690000 - 0x00007ffcde742000 	C:\WINDOWS\System32\ADVAPI32.dll
0x00007ffcde450000 - 0x00007ffcde4f0000 	C:\WINDOWS\System32\sechost.dll
0x00007ffcde320000 - 0x00007ffcde443000 	C:\WINDOWS\System32\RPCRT4.dll
0x00007ffcddb40000 - 0x00007ffcddb67000 	C:\WINDOWS\System32\bcrypt.dll
0x00007ffcded70000 - 0x00007ffcdeddb000 	C:\WINDOWS\System32\WS2_32.dll
0x00007ffcd26c0000 - 0x00007ffcd26e7000 	C:\WINDOWS\SYSTEM32\WINMM.dll
0x00007ffcdcc00000 - 0x00007ffcdcc4b000 	C:\WINDOWS\SYSTEM32\POWRPROF.dll
0x00007ffcd9e80000 - 0x00007ffcd9e8a000 	C:\WINDOWS\SYSTEM32\VERSION.dll
0x00007ffcdca70000 - 0x00007ffcdca82000 	C:\WINDOWS\SYSTEM32\UMPDC.dll
0x00007ffcdbee0000 - 0x00007ffcdbef2000 	C:\WINDOWS\SYSTEM32\kernel.appcore.dll
0x00007ffcb45e0000 - 0x00007ffcb45ea000 	c:\Users\David\.vscode\extensions\redhat.java-1.35.1-win32-x64\jre\17.0.12-win32-x86_64\bin\jimage.dll
0x00007ffcd1b20000 - 0x00007ffcd1d04000 	C:\WINDOWS\SYSTEM32\DBGHELP.DLL
0x00007ffcbf160000 - 0x00007ffcbf194000 	C:\WINDOWS\SYSTEM32\dbgcore.DLL
0x00007ffcdd780000 - 0x00007ffcdd802000 	C:\WINDOWS\System32\bcryptPrimitives.dll
0x00007ffc9ac00000 - 0x00007ffc9ac25000 	c:\Users\David\.vscode\extensions\redhat.java-1.35.1-win32-x64\jre\17.0.12-win32-x86_64\bin\java.dll
0x00007ffc9c300000 - 0x00007ffc9c318000 	c:\Users\David\.vscode\extensions\redhat.java-1.35.1-win32-x64\jre\17.0.12-win32-x86_64\bin\zip.dll
0x00007ffcdf700000 - 0x00007ffcdfe6f000 	C:\WINDOWS\System32\SHELL32.dll
0x00007ffcdb6f0000 - 0x00007ffcdbe94000 	C:\WINDOWS\SYSTEM32\windows.storage.dll
0x00007ffcdf3a0000 - 0x00007ffcdf6f3000 	C:\WINDOWS\System32\combase.dll
0x00007ffcdd0a0000 - 0x00007ffcdd0ce000 	C:\WINDOWS\SYSTEM32\Wldp.dll
0x00007ffcdede0000 - 0x00007ffcdeead000 	C:\WINDOWS\System32\OLEAUT32.dll
0x00007ffcde210000 - 0x00007ffcde2bd000 	C:\WINDOWS\System32\SHCORE.dll
0x00007ffcdeeb0000 - 0x00007ffcdef05000 	C:\WINDOWS\System32\shlwapi.dll
0x00007ffcdd5a0000 - 0x00007ffcdd5c4000 	C:\WINDOWS\SYSTEM32\profapi.dll
0x00007ffc9c170000 - 0x00007ffc9c189000 	C:\Users\David\.vscode\extensions\redhat.java-1.35.1-win32-x64\jre\17.0.12-win32-x86_64\bin\net.dll
0x00007ffcd8dc0000 - 0x00007ffcd8ecd000 	C:\WINDOWS\SYSTEM32\WINHTTP.dll
0x00007ffcdce00000 - 0x00007ffcdce6a000 	C:\WINDOWS\system32\mswsock.dll
0x00007ffc9a6d0000 - 0x00007ffc9a6e6000 	C:\Users\David\.vscode\extensions\redhat.java-1.35.1-win32-x64\jre\17.0.12-win32-x86_64\bin\nio.dll
0x00007ffc9c450000 - 0x00007ffc9c460000 	c:\Users\David\.vscode\extensions\redhat.java-1.35.1-win32-x64\jre\17.0.12-win32-x86_64\bin\verify.dll
0x00007ffcdcff0000 - 0x00007ffcdd008000 	C:\WINDOWS\SYSTEM32\CRYPTSP.dll
0x00007ffcdc6b0000 - 0x00007ffcdc6e4000 	C:\WINDOWS\system32\rsaenh.dll
0x00007ffcdd560000 - 0x00007ffcdd58e000 	C:\WINDOWS\SYSTEM32\USERENV.dll
0x00007ffcdd010000 - 0x00007ffcdd01c000 	C:\WINDOWS\SYSTEM32\CRYPTBASE.dll
0x00007ffcdca90000 - 0x00007ffcdcacb000 	C:\WINDOWS\SYSTEM32\IPHLPAPI.DLL
0x00007ffcddff0000 - 0x00007ffcddff8000 	C:\WINDOWS\System32\NSI.dll
0x00007ffcda4f0000 - 0x00007ffcda507000 	C:\WINDOWS\SYSTEM32\dhcpcsvc6.DLL
0x00007ffcda4d0000 - 0x00007ffcda4ed000 	C:\WINDOWS\SYSTEM32\dhcpcsvc.DLL
0x00007ffcdcad0000 - 0x00007ffcdcb9a000 	C:\WINDOWS\SYSTEM32\DNSAPI.dll
0x00007ffc9b5d0000 - 0x00007ffc9b5d9000 	C:\Users\David\.vscode\extensions\redhat.java-1.35.1-win32-x64\jre\17.0.12-win32-x86_64\bin\management.dll
0x00007ffc9abf0000 - 0x00007ffc9abfb000 	C:\Users\David\.vscode\extensions\redhat.java-1.35.1-win32-x64\jre\17.0.12-win32-x86_64\bin\management_ext.dll
0x00007ffcdf390000 - 0x00007ffcdf398000 	C:\WINDOWS\System32\PSAPI.DLL
0x00007ffc9c2f0000 - 0x00007ffc9c2fe000 	C:\Users\David\.vscode\extensions\redhat.java-1.35.1-win32-x64\jre\17.0.12-win32-x86_64\bin\sunmscapi.dll
0x00007ffcddc90000 - 0x00007ffcdddec000 	C:\WINDOWS\System32\CRYPT32.dll
0x00007ffcdd110000 - 0x00007ffcdd137000 	C:\WINDOWS\SYSTEM32\ncrypt.dll
0x00007ffcdd0d0000 - 0x00007ffcdd10b000 	C:\WINDOWS\SYSTEM32\NTASN1.dll
0x00007ffcc5570000 - 0x00007ffcc5577000 	C:\WINDOWS\system32\wshunix.dll
0x00007ffcc40d0000 - 0x00007ffcc40d9000 	C:\Users\David\.vscode\extensions\redhat.java-1.35.1-win32-x64\jre\17.0.12-win32-x86_64\bin\extnet.dll
0x00007ffcd5a00000 - 0x00007ffcd5a0a000 	C:\Windows\System32\rasadhlp.dll
0x00007ffcd56c0000 - 0x00007ffcd5740000 	C:\WINDOWS\System32\fwpuclnt.dll

dbghelp: loaded successfully - version: 4.0.5 - missing functions: none
symbol engine: initialized successfully - sym options: 0x614 - pdb path: .;c:\Users\David\.vscode\extensions\redhat.java-1.35.1-win32-x64\jre\17.0.12-win32-x86_64\bin;C:\WINDOWS\SYSTEM32;C:\WINDOWS\WinSxS\amd64_microsoft.windows.common-controls_6595b64144ccf1df_6.0.19041.4355_none_60b8b9eb71f62e16;c:\Users\David\.vscode\extensions\redhat.java-1.35.1-win32-x64\jre\17.0.12-win32-x86_64\bin\server

VM Arguments:
jvm_args: -Xmx1024m -Dsts.lsp.client=vscode -Dsts.log.file=/dev/null -XX:TieredStopAtLevel=1 -Xlog:jni+resolve=off 
java_command: c:\Users\David\.vscode\extensions\vmware.vscode-spring-boot-1.57.0\language-server\spring-boot-language-server-1.57.0-SNAPSHOT-exec.jar
java_class_path (initial): c:\Users\David\.vscode\extensions\vmware.vscode-spring-boot-1.57.0\language-server\spring-boot-language-server-1.57.0-SNAPSHOT-exec.jar
Launcher Type: SUN_STANDARD

[Global flags]
     intx CICompilerCount                          = 12                                        {product} {ergonomic}
     uint ConcGCThreads                            = 3                                         {product} {ergonomic}
     uint G1ConcRefinementThreads                  = 13                                        {product} {ergonomic}
   size_t G1HeapRegionSize                         = 1048576                                   {product} {ergonomic}
    uintx GCDrainStackTargetSize                   = 64                                        {product} {ergonomic}
   size_t InitialHeapSize                          = 536870912                                 {product} {ergonomic}
   size_t MarkStackSize                            = 4194304                                   {product} {ergonomic}
   size_t MaxHeapSize                              = 1073741824                                {product} {command line}
   size_t MaxNewSize                               = 643825664                                 {product} {ergonomic}
   size_t MinHeapDeltaBytes                        = 1048576                                   {product} {ergonomic}
   size_t MinHeapSize                              = 8388608                                   {product} {ergonomic}
    uintx NonProfiledCodeHeapSize                  = 0                                      {pd product} {ergonomic}
     bool ProfileInterpreter                       = false                                  {pd product} {command line}
    uintx ProfiledCodeHeapSize                     = 0                                      {pd product} {ergonomic}
   size_t SoftMaxHeapSize                          = 1073741824                             {manageable} {ergonomic}
     intx TieredStopAtLevel                        = 1                                         {product} {command line}
     bool UseCompressedClassPointers               = true                           {product lp64_product} {ergonomic}
     bool UseCompressedOops                        = true                           {product lp64_product} {ergonomic}
     bool UseG1GC                                  = true                                      {product} {ergonomic}
     bool UseLargePagesIndividualAllocation        = false                                  {pd product} {ergonomic}

Logging:
Log output configuration:
 #0: stdout all=warning,jni+resolve=off uptime,level,tags
 #1: stderr all=off uptime,level,tags

Environment Variables:
JAVA_HOME=C:\Program Files\Java\jdk-21
PATH=C:\Program Files\Common Files\Oracle\Java\javapath;C:\Python312\Scripts\;C:\Python312\;C:\ProgramData\Oracle\Java\javapath;C:\Program Files (x86)\Common Files\Intel\Shared Libraries\redist\intel64\compiler;C:\Program Files (x86)\Common Files\Intel\Shared Libraries\redist\ia32\compiler;C:\Program Files (x86)\Intel\iCLS Client\;C:\Program Files\Intel\iCLS Client\;C:\Windows\system32;C:\Windows;C:\Windows\System32\Wbem;C:\Windows\System32\WindowsPowerShell\v1.0\;C:\Program Files (x86)\Intel\Intel(R) Management Engine Components\DAL;C:\Program Files\Intel\Intel(R) Management Engine Components\DAL;C:\Program Files (x86)\Intel\Intel(R) Management Engine Components\IPT;C:\Program Files\Intel\Intel(R) Management Engine Components\IPT;C:\Program Files (x86)\NVIDIA Corporation\PhysX\Common;C:\WINDOWS\system32;C:\WINDOWS;C:\WINDOWS\System32\Wbem;C:\WINDOWS\System32\WindowsPowerShell\v1.0\;C:\Program Files\Java\jdk1.8.0_101\Bin;C:\Program Files (x86)\Skype\Phone\;C:\WINDOWS\System32\OpenSSH\;C:\Gradle\bin;C:\Program Files\NVIDIA Corporation\NVIDIA NvDLISR;C:\WINDOWS\system32;C:\WINDOWS;C:\WINDOWS\System32\Wbem;C:\WINDOWS\System32\WindowsPowerShell\v1.0\;C:\WINDOWS\System32\OpenSSH\;C:\Program Files (x86)\QuickTime\QTSystem\;C:\Program Files\Git\cmd;C:\Program Files\dotnet\;C:\Program Files\nodejs\;C:\ProgramData\chocolatey\bin;C:\Program Files\apache-maven-3.9.9\bin;C:\Program Files\Java\jdk-21\bin;C:\Users\David\AppData\Local\Microsoft\WindowsApps;C:\Users\David\AppData\Local\atom\bin;C:\Users\David\AppData\Local\GitHubDesktop\bin;C:\Users\David\AppData\Local\Microsoft\WindowsApps;;C:\Users\David\AppData\Local\Programs\Microsoft VS Code\bin;C:\Users\David\.dotnet\tools;C:\Users\David\AppData\Roaming\npm
USERNAME=David
OS=Windows_NT
PROCESSOR_IDENTIFIER=AMD64 Family 23 Model 113 Stepping 0, AuthenticAMD
TMP=C:\Users\David\AppData\Local\Temp
TEMP=C:\Users\David\AppData\Local\Temp



Periodic native trim disabled


---------------  S Y S T E M  ---------------

OS:
 Windows 10 , 64 bit Build 19041 (10.0.19041.4957)
OS uptime: 3 days 19:09 hours

CPU: total 16 (initial active 16) (16 cores per cpu, 2 threads per core) family 23 model 113 stepping 0 microcode 0x0, cx8, cmov, fxsr, ht, mmx, 3dnowpref, sse, sse2, sse3, ssse3, sse4a, sse4.1, sse4.2, popcnt, lzcnt, tsc, tscinvbit, avx, avx2, aes, clmul, bmi1, bmi2, adx, sha, fma, vzeroupper, clflush, clflushopt
Processor Information for all 16 processors :
  Max Mhz: 3593, Current Mhz: 3593, Mhz Limit: 3593

Memory: 4k page, system-wide physical 32716M (10281M free)
TotalPageFile size 32716M (AvailPageFile size 15M)
current process WorkingSet (physical memory assigned to process): 89M, peak: 379M
current process commit charge ("private bytes"): 315M, peak: 646M

vm_info: OpenJDK 64-Bit Server VM (17.0.12+7) for windows-amd64 JRE (17.0.12+7), built on Jul 16 2024 22:08:24 by "admin" with MS VC++ 16.10 / 16.11 (VS2019)

END.
